<?xml version="1.0" encoding="UTF-8"?>
<coverage generated="1761857067955" clover="3.2.0">
  <project timestamp="1761857067955" name="All files">
    <metrics statements="467" coveredstatements="408" conditionals="242" coveredconditionals="168" methods="118" coveredmethods="102" elements="827" coveredelements="678" complexity="0" loc="467" ncloc="467" packages="13" files="22" classes="22"/>
    <package name="src">
      <metrics statements="9" coveredstatements="9" conditionals="4" coveredconditionals="3" methods="3" coveredmethods="3"/>
      <file name="app.controller.ts" path="C:\Users\Aleja\Desktop\Nest_AreaTrabajo\TNestJSCompunetIII\src\app.controller.ts">
        <metrics statements="6" coveredstatements="6" conditionals="4" coveredconditionals="3" methods="2" coveredmethods="2"/>
        <line num="1" count="6" type="stmt"/>
        <line num="2" count="6" type="stmt"/>
        <line num="5" count="6" type="stmt"/>
        <line num="6" count="6" type="cond" truecount="3" falsecount="1"/>
        <line num="9" count="6" type="stmt"/>
        <line num="10" count="2" type="stmt"/>
      </file>
      <file name="app.service.ts" path="C:\Users\Aleja\Desktop\Nest_AreaTrabajo\TNestJSCompunetIII\src\app.service.ts">
        <metrics statements="3" coveredstatements="3" conditionals="0" coveredconditionals="0" methods="1" coveredmethods="1"/>
        <line num="1" count="6" type="stmt"/>
        <line num="4" count="6" type="stmt"/>
        <line num="6" count="2" type="stmt"/>
      </file>
    </package>
    <package name="src.auth">
      <metrics statements="47" coveredstatements="44" conditionals="34" coveredconditionals="26" methods="10" coveredmethods="9"/>
      <file name="auth.controller.ts" path="C:\Users\Aleja\Desktop\Nest_AreaTrabajo\TNestJSCompunetIII\src\auth\auth.controller.ts">
        <metrics statements="16" coveredstatements="15" conditionals="16" coveredconditionals="12" methods="4" coveredmethods="3"/>
        <line num="1" count="6" type="stmt"/>
        <line num="2" count="6" type="stmt"/>
        <line num="3" count="6" type="stmt"/>
        <line num="4" count="6" type="stmt"/>
        <line num="5" count="6" type="stmt"/>
        <line num="6" count="6" type="stmt"/>
        <line num="7" count="6" type="stmt"/>
        <line num="8" count="6" type="stmt"/>
        <line num="12" count="6" type="stmt"/>
        <line num="13" count="6" type="cond" truecount="3" falsecount="1"/>
        <line num="21" count="6" type="cond" truecount="3" falsecount="1"/>
        <line num="22" count="10" type="stmt"/>
        <line num="30" count="6" type="cond" truecount="3" falsecount="1"/>
        <line num="31" count="3" type="stmt"/>
        <line num="40" count="6" type="cond" truecount="3" falsecount="1"/>
        <line num="41" count="0" type="stmt"/>
      </file>
      <file name="auth.service.ts" path="C:\Users\Aleja\Desktop\Nest_AreaTrabajo\TNestJSCompunetIII\src\auth\auth.service.ts">
        <metrics statements="31" coveredstatements="29" conditionals="18" coveredconditionals="14" methods="6" coveredmethods="6"/>
        <line num="1" count="6" type="stmt"/>
        <line num="8" count="6" type="stmt"/>
        <line num="9" count="6" type="stmt"/>
        <line num="10" count="6" type="stmt"/>
        <line num="11" count="6" type="stmt"/>
        <line num="12" count="6" type="stmt"/>
        <line num="18" count="6" type="stmt"/>
        <line num="21" count="6" type="cond" truecount="6" falsecount="2"/>
        <line num="22" count="6" type="stmt"/>
        <line num="26" count="10" type="stmt"/>
        <line num="28" count="10" type="stmt"/>
        <line num="29" count="10" type="stmt"/>
        <line num="35" count="10" type="stmt"/>
        <line num="36" count="9" type="stmt"/>
        <line num="38" count="9" type="stmt"/>
        <line num="43" count="1" type="stmt"/>
        <line num="48" count="3" type="stmt"/>
        <line num="50" count="3" type="stmt"/>
        <line num="62" count="3" type="cond" truecount="2" falsecount="0"/>
        <line num="63" count="1" type="stmt"/>
        <line num="66" count="2" type="cond" truecount="1" falsecount="1"/>
        <line num="67" count="0" type="stmt"/>
        <line num="70" count="2" type="cond" truecount="2" falsecount="0"/>
        <line num="71" count="1" type="stmt"/>
        <line num="74" count="1" type="stmt"/>
        <line num="76" count="1" type="stmt"/>
        <line num="83" count="10" type="stmt"/>
        <line num="87" count="10" type="stmt"/>
        <line num="91" count="1" type="cond" truecount="1" falsecount="1"/>
        <line num="92" count="1" type="stmt"/>
        <line num="94" count="0" type="stmt"/>
      </file>
    </package>
    <package name="src.auth.decorators">
      <metrics statements="17" coveredstatements="12" conditionals="4" coveredconditionals="0" methods="3" coveredmethods="2"/>
      <file name="auth.decorator.ts" path="C:\Users\Aleja\Desktop\Nest_AreaTrabajo\TNestJSCompunetIII\src\auth\decorators\auth.decorator.ts">
        <metrics statements="6" coveredstatements="6" conditionals="0" coveredconditionals="0" methods="1" coveredmethods="1"/>
        <line num="1" count="6" type="stmt"/>
        <line num="2" count="6" type="stmt"/>
        <line num="4" count="6" type="stmt"/>
        <line num="5" count="6" type="stmt"/>
        <line num="7" count="6" type="stmt"/>
        <line num="8" count="120" type="stmt"/>
      </file>
      <file name="get-user.decorator.ts" path="C:\Users\Aleja\Desktop\Nest_AreaTrabajo\TNestJSCompunetIII\src\auth\decorators\get-user.decorator.ts">
        <metrics statements="7" coveredstatements="2" conditionals="4" coveredconditionals="0" methods="1" coveredmethods="0"/>
        <line num="1" count="6" type="stmt"/>
        <line num="7" count="6" type="stmt"/>
        <line num="9" count="0" type="stmt"/>
        <line num="10" count="0" type="stmt"/>
        <line num="12" count="0" type="cond" truecount="0" falsecount="2"/>
        <line num="13" count="0" type="stmt"/>
        <line num="16" count="0" type="cond" truecount="0" falsecount="2"/>
      </file>
      <file name="role-protected.decorator.ts" path="C:\Users\Aleja\Desktop\Nest_AreaTrabajo\TNestJSCompunetIII\src\auth\decorators\role-protected.decorator.ts">
        <metrics statements="4" coveredstatements="4" conditionals="0" coveredconditionals="0" methods="1" coveredmethods="1"/>
        <line num="1" count="6" type="stmt"/>
        <line num="4" count="6" type="stmt"/>
        <line num="6" count="6" type="stmt"/>
        <line num="7" count="120" type="stmt"/>
      </file>
    </package>
    <package name="src.auth.entities">
      <metrics statements="17" coveredstatements="16" conditionals="8" coveredconditionals="6" methods="4" coveredmethods="3"/>
      <file name="user.entity.ts" path="C:\Users\Aleja\Desktop\Nest_AreaTrabajo\TNestJSCompunetIII\src\auth\entities\user.entity.ts">
        <metrics statements="17" coveredstatements="16" conditionals="8" coveredconditionals="6" methods="4" coveredmethods="3"/>
        <line num="1" count="6" type="stmt"/>
        <line num="11" count="6" type="stmt"/>
        <line num="12" count="6" type="stmt"/>
        <line num="15" count="6" type="stmt"/>
        <line num="21" count="6" type="stmt"/>
        <line num="33" count="6" type="stmt"/>
        <line num="46" count="6" type="stmt"/>
        <line num="57" count="6" type="stmt"/>
        <line num="70" count="6" type="stmt"/>
        <line num="81" count="6" type="stmt"/>
        <line num="88" count="6" type="cond" truecount="3" falsecount="1"/>
        <line num="95" count="6" type="cond" truecount="3" falsecount="1"/>
        <line num="99" count="0" type="stmt"/>
        <line num="101" count="6" type="stmt"/>
        <line num="102" count="6" type="stmt"/>
        <line num="106" count="6" type="stmt"/>
        <line num="107" count="44" type="stmt"/>
      </file>
    </package>
    <package name="src.auth.guards">
      <metrics statements="14" coveredstatements="13" conditionals="12" coveredconditionals="10" methods="3" coveredmethods="3"/>
      <file name="roles.guard.ts" path="C:\Users\Aleja\Desktop\Nest_AreaTrabajo\TNestJSCompunetIII\src\auth\guards\roles.guard.ts">
        <metrics statements="14" coveredstatements="13" conditionals="12" coveredconditionals="10" methods="3" coveredmethods="3"/>
        <line num="1" count="6" type="stmt"/>
        <line num="2" count="6" type="stmt"/>
        <line num="4" count="6" type="stmt"/>
        <line num="8" count="6" type="stmt"/>
        <line num="9" count="24" type="cond" truecount="3" falsecount="1"/>
        <line num="14" count="39" type="stmt"/>
        <line num="16" count="39" type="cond" truecount="4" falsecount="0"/>
        <line num="18" count="20" type="stmt"/>
        <line num="19" count="20" type="stmt"/>
        <line num="21" count="20" type="cond" truecount="1" falsecount="1"/>
        <line num="22" count="0" type="stmt"/>
        <line num="25" count="20" type="stmt"/>
        <line num="27" count="20" type="cond" truecount="2" falsecount="0"/>
        <line num="29" count="9" type="stmt"/>
      </file>
    </package>
    <package name="src.auth.strategies">
      <metrics statements="19" coveredstatements="17" conditionals="12" coveredconditionals="8" methods="2" coveredmethods="2"/>
      <file name="jwt.strategy.ts" path="C:\Users\Aleja\Desktop\Nest_AreaTrabajo\TNestJSCompunetIII\src\auth\strategies\jwt.strategy.ts">
        <metrics statements="19" coveredstatements="17" conditionals="12" coveredconditionals="8" methods="2" coveredmethods="2"/>
        <line num="1" count="6" type="stmt"/>
        <line num="2" count="6" type="stmt"/>
        <line num="3" count="6" type="stmt"/>
        <line num="4" count="6" type="stmt"/>
        <line num="5" count="6" type="stmt"/>
        <line num="6" count="6" type="stmt"/>
        <line num="7" count="6" type="stmt"/>
        <line num="11" count="6" type="stmt"/>
        <line num="14" count="6" type="cond" truecount="6" falsecount="2"/>
        <line num="15" count="6" type="stmt"/>
        <line num="17" count="6" type="stmt"/>
        <line num="24" count="39" type="stmt"/>
        <line num="26" count="39" type="stmt"/>
        <line num="30" count="39" type="cond" truecount="1" falsecount="1"/>
        <line num="31" count="0" type="stmt"/>
        <line num="34" count="39" type="cond" truecount="1" falsecount="1"/>
        <line num="35" count="0" type="stmt"/>
        <line num="38" count="39" type="stmt"/>
        <line num="40" count="39" type="stmt"/>
      </file>
    </package>
    <package name="src.bets">
      <metrics statements="88" coveredstatements="67" conditionals="36" coveredconditionals="22" methods="27" coveredmethods="23"/>
      <file name="bets.controller.ts" path="C:\Users\Aleja\Desktop\Nest_AreaTrabajo\TNestJSCompunetIII\src\bets\bets.controller.ts">
        <metrics statements="24" coveredstatements="23" conditionals="8" coveredconditionals="6" methods="9" coveredmethods="8"/>
        <line num="1" count="6" type="stmt"/>
        <line num="12" count="6" type="stmt"/>
        <line num="13" count="6" type="stmt"/>
        <line num="14" count="6" type="stmt"/>
        <line num="15" count="6" type="stmt"/>
        <line num="16" count="6" type="stmt"/>
        <line num="20" count="6" type="stmt"/>
        <line num="21" count="6" type="cond" truecount="3" falsecount="1"/>
        <line num="32" count="6" type="cond" truecount="3" falsecount="1"/>
        <line num="33" count="4" type="stmt"/>
        <line num="43" count="6" type="stmt"/>
        <line num="44" count="1" type="stmt"/>
        <line num="55" count="6" type="stmt"/>
        <line num="56" count="2" type="stmt"/>
        <line num="66" count="6" type="stmt"/>
        <line num="67" count="1" type="stmt"/>
        <line num="77" count="6" type="stmt"/>
        <line num="78" count="1" type="stmt"/>
        <line num="88" count="6" type="stmt"/>
        <line num="89" count="1" type="stmt"/>
        <line num="103" count="6" type="stmt"/>
        <line num="104" count="0" type="stmt"/>
        <line num="116" count="6" type="stmt"/>
        <line num="117" count="2" type="stmt"/>
      </file>
      <file name="bets.service.ts" path="C:\Users\Aleja\Desktop\Nest_AreaTrabajo\TNestJSCompunetIII\src\bets\bets.service.ts">
        <metrics statements="64" coveredstatements="44" conditionals="28" coveredconditionals="16" methods="18" coveredmethods="15"/>
        <line num="1" count="6" type="stmt"/>
        <line num="6" count="6" type="stmt"/>
        <line num="7" count="6" type="stmt"/>
        <line num="8" count="6" type="stmt"/>
        <line num="10" count="6" type="stmt"/>
        <line num="11" count="6" type="stmt"/>
        <line num="12" count="6" type="stmt"/>
        <line num="15" count="6" type="stmt"/>
        <line num="18" count="6" type="cond" truecount="6" falsecount="2"/>
        <line num="19" count="6" type="cond" truecount="3" falsecount="1"/>
        <line num="20" count="6" type="stmt"/>
        <line num="25" count="4" type="stmt"/>
        <line num="27" count="4" type="cond" truecount="2" falsecount="0"/>
        <line num="28" count="1" type="stmt"/>
        <line num="34" count="3" type="stmt"/>
        <line num="36" count="2" type="cond" truecount="1" falsecount="1"/>
        <line num="37" count="0" type="stmt"/>
        <line num="41" count="2" type="stmt"/>
        <line num="42" count="3" type="stmt"/>
        <line num="45" count="2" type="cond" truecount="1" falsecount="1"/>
        <line num="46" count="0" type="stmt"/>
        <line num="52" count="2" type="stmt"/>
        <line num="58" count="2" type="stmt"/>
        <line num="68" count="2" type="stmt"/>
        <line num="72" count="1" type="stmt"/>
        <line num="79" count="4" type="stmt"/>
        <line num="84" count="4" type="cond" truecount="2" falsecount="0"/>
        <line num="85" count="2" type="stmt"/>
        <line num="88" count="2" type="stmt"/>
        <line num="93" count="2" type="stmt"/>
        <line num="95" count="2" type="stmt"/>
        <line num="104" count="1" type="stmt"/>
        <line num="106" count="1" type="stmt"/>
        <line num="114" count="0" type="stmt"/>
        <line num="116" count="0" type="cond" truecount="0" falsecount="2"/>
        <line num="117" count="0" type="stmt"/>
        <line num="120" count="0" type="cond" truecount="0" falsecount="2"/>
        <line num="121" count="0" type="stmt"/>
        <line num="125" count="0" type="stmt"/>
        <line num="130" count="0" type="stmt"/>
        <line num="131" count="0" type="cond" truecount="0" falsecount="2"/>
        <line num="133" count="0" type="stmt"/>
        <line num="134" count="0" type="stmt"/>
        <line num="135" count="0" type="stmt"/>
        <line num="138" count="0" type="stmt"/>
        <line num="141" count="0" type="stmt"/>
        <line num="142" count="0" type="stmt"/>
        <line num="145" count="0" type="stmt"/>
        <line num="150" count="2" type="stmt"/>
        <line num="152" count="1" type="cond" truecount="1" falsecount="1"/>
        <line num="153" count="0" type="stmt"/>
        <line num="157" count="1" type="stmt"/>
        <line num="159" count="1" type="stmt"/>
        <line num="163" count="1" type="stmt"/>
        <line num="165" count="1" type="stmt"/>
        <line num="167" count="1" type="stmt"/>
        <line num="168" count="1" type="stmt"/>
        <line num="169" count="1" type="stmt"/>
        <line num="170" count="1" type="stmt"/>
        <line num="172" count="1" type="stmt"/>
        <line num="173" count="0" type="stmt"/>
        <line num="175" count="1" type="stmt"/>
        <line num="176" count="0" type="stmt"/>
        <line num="179" count="1" type="stmt"/>
      </file>
    </package>
    <package name="src.bets.entities">
      <metrics statements="24" coveredstatements="22" conditionals="14" coveredconditionals="10" methods="7" coveredmethods="5"/>
      <file name="bet.entity.ts" path="C:\Users\Aleja\Desktop\Nest_AreaTrabajo\TNestJSCompunetIII\src\bets\entities\bet.entity.ts">
        <metrics statements="24" coveredstatements="22" conditionals="14" coveredconditionals="10" methods="7" coveredmethods="5"/>
        <line num="1" count="6" type="stmt"/>
        <line num="9" count="6" type="stmt"/>
        <line num="10" count="6" type="stmt"/>
        <line num="11" count="6" type="stmt"/>
        <line num="13" count="6" type="cond" truecount="2" falsecount="0"/>
        <line num="14" count="6" type="stmt"/>
        <line num="15" count="6" type="stmt"/>
        <line num="16" count="6" type="stmt"/>
        <line num="20" count="6" type="stmt"/>
        <line num="26" count="6" type="stmt"/>
        <line num="37" count="6" type="stmt"/>
        <line num="48" count="6" type="stmt"/>
        <line num="60" count="6" type="stmt"/>
        <line num="73" count="6" type="stmt"/>
        <line num="86" count="6" type="stmt"/>
        <line num="93" count="6" type="cond" truecount="3" falsecount="1"/>
        <line num="97" count="0" type="stmt"/>
        <line num="99" count="6" type="stmt"/>
        <line num="101" count="6" type="cond" truecount="2" falsecount="2"/>
        <line num="108" count="6" type="stmt"/>
        <line num="112" count="0" type="stmt"/>
        <line num="114" count="6" type="stmt"/>
        <line num="116" count="6" type="cond" truecount="3" falsecount="1"/>
        <line num="123" count="6" type="stmt"/>
      </file>
    </package>
    <package name="src.events">
      <metrics statements="68" coveredstatements="56" conditionals="34" coveredconditionals="23" methods="20" coveredmethods="16"/>
      <file name="events.controller.ts" path="C:\Users\Aleja\Desktop\Nest_AreaTrabajo\TNestJSCompunetIII\src\events\events.controller.ts">
        <metrics statements="24" coveredstatements="23" conditionals="16" coveredconditionals="12" methods="8" coveredmethods="7"/>
        <line num="1" count="6" type="stmt"/>
        <line num="13" count="6" type="stmt"/>
        <line num="14" count="6" type="stmt"/>
        <line num="15" count="6" type="stmt"/>
        <line num="16" count="6" type="stmt"/>
        <line num="17" count="6" type="stmt"/>
        <line num="18" count="6" type="stmt"/>
        <line num="19" count="6" type="stmt"/>
        <line num="23" count="6" type="stmt"/>
        <line num="24" count="6" type="cond" truecount="3" falsecount="1"/>
        <line num="35" count="6" type="cond" truecount="3" falsecount="1"/>
        <line num="36" count="2" type="stmt"/>
        <line num="45" count="6" type="stmt"/>
        <line num="46" count="1" type="stmt"/>
        <line num="52" count="6" type="stmt"/>
        <line num="53" count="1" type="stmt"/>
        <line num="61" count="6" type="stmt"/>
        <line num="62" count="2" type="stmt"/>
        <line num="75" count="6" type="stmt"/>
        <line num="79" count="1" type="stmt"/>
        <line num="93" count="6" type="stmt"/>
        <line num="97" count="1" type="stmt"/>
        <line num="110" count="6" type="stmt"/>
        <line num="111" count="0" type="stmt"/>
      </file>
      <file name="events.service.ts" path="C:\Users\Aleja\Desktop\Nest_AreaTrabajo\TNestJSCompunetIII\src\events\events.service.ts">
        <metrics statements="44" coveredstatements="33" conditionals="18" coveredconditionals="11" methods="12" coveredmethods="9"/>
        <line num="1" count="6" type="stmt"/>
        <line num="6" count="6" type="stmt"/>
        <line num="7" count="6" type="stmt"/>
        <line num="8" count="6" type="stmt"/>
        <line num="9" count="6" type="stmt"/>
        <line num="15" count="6" type="stmt"/>
        <line num="18" count="6" type="cond" truecount="6" falsecount="2"/>
        <line num="20" count="6" type="stmt"/>
        <line num="24" count="2" type="stmt"/>
        <line num="30" count="2" type="stmt"/>
        <line num="32" count="2" type="stmt"/>
        <line num="33" count="4" type="stmt"/>
        <line num="40" count="2" type="stmt"/>
        <line num="42" count="2" type="stmt"/>
        <line num="46" count="1" type="stmt"/>
        <line num="53" count="1" type="stmt"/>
        <line num="61" count="11" type="stmt"/>
        <line num="66" count="11" type="cond" truecount="2" falsecount="0"/>
        <line num="67" count="2" type="stmt"/>
        <line num="70" count="9" type="stmt"/>
        <line num="74" count="1" type="stmt"/>
        <line num="76" count="1" type="cond" truecount="1" falsecount="1"/>
        <line num="77" count="0" type="stmt"/>
        <line num="80" count="1" type="stmt"/>
        <line num="81" count="1" type="stmt"/>
        <line num="83" count="1" type="stmt"/>
        <line num="87" count="0" type="stmt"/>
        <line num="88" count="0" type="stmt"/>
        <line num="92" count="1" type="stmt"/>
        <line num="94" count="1" type="cond" truecount="1" falsecount="1"/>
        <line num="95" count="0" type="stmt"/>
        <line num="98" count="1" type="stmt"/>
        <line num="99" count="1" type="stmt"/>
        <line num="102" count="1" type="cond" truecount="1" falsecount="1"/>
        <line num="103" count="0" type="stmt"/>
        <line num="108" count="1" type="stmt"/>
        <line num="109" count="1" type="stmt"/>
        <line num="111" count="1" type="stmt"/>
        <line num="115" count="0" type="stmt"/>
        <line num="120" count="0" type="cond" truecount="0" falsecount="2"/>
        <line num="121" count="0" type="stmt"/>
        <line num="124" count="0" type="stmt"/>
        <line num="131" count="0" type="stmt"/>
        <line num="135" count="0" type="stmt"/>
      </file>
    </package>
    <package name="src.events.entities">
      <metrics statements="32" coveredstatements="29" conditionals="14" coveredconditionals="10" methods="10" coveredmethods="7"/>
      <file name="event-option.entity.ts" path="C:\Users\Aleja\Desktop\Nest_AreaTrabajo\TNestJSCompunetIII\src\events\entities\event-option.entity.ts">
        <metrics statements="11" coveredstatements="10" conditionals="4" coveredconditionals="2" methods="3" coveredmethods="2"/>
        <line num="1" count="6" type="stmt"/>
        <line num="8" count="6" type="stmt"/>
        <line num="9" count="6" type="stmt"/>
        <line num="12" count="6" type="stmt"/>
        <line num="18" count="6" type="stmt"/>
        <line num="29" count="6" type="stmt"/>
        <line num="41" count="6" type="stmt"/>
        <line num="45" count="0" type="stmt"/>
        <line num="47" count="6" type="stmt"/>
        <line num="49" count="6" type="cond" truecount="2" falsecount="2"/>
        <line num="56" count="6" type="stmt"/>
      </file>
      <file name="event.entity.ts" path="C:\Users\Aleja\Desktop\Nest_AreaTrabajo\TNestJSCompunetIII\src\events\entities\event.entity.ts">
        <metrics statements="21" coveredstatements="19" conditionals="10" coveredconditionals="8" methods="7" coveredmethods="5"/>
        <line num="1" count="6" type="stmt"/>
        <line num="9" count="6" type="stmt"/>
        <line num="10" count="6" type="stmt"/>
        <line num="11" count="6" type="stmt"/>
        <line num="13" count="6" type="cond" truecount="2" falsecount="0"/>
        <line num="14" count="6" type="stmt"/>
        <line num="15" count="6" type="stmt"/>
        <line num="19" count="6" type="stmt"/>
        <line num="25" count="6" type="stmt"/>
        <line num="36" count="6" type="stmt"/>
        <line num="47" count="6" type="stmt"/>
        <line num="60" count="6" type="stmt"/>
        <line num="71" count="6" type="stmt"/>
        <line num="78" count="6" type="cond" truecount="3" falsecount="1"/>
        <line num="85" count="6" type="cond" truecount="3" falsecount="1"/>
        <line num="89" count="0" type="stmt"/>
        <line num="91" count="6" type="stmt"/>
        <line num="92" count="6" type="stmt"/>
        <line num="96" count="0" type="stmt"/>
        <line num="98" count="6" type="stmt"/>
        <line num="99" count="6" type="stmt"/>
      </file>
    </package>
    <package name="src.seed">
      <metrics statements="63" coveredstatements="60" conditionals="34" coveredconditionals="26" methods="12" coveredmethods="12"/>
      <file name="seed.controller.ts" path="C:\Users\Aleja\Desktop\Nest_AreaTrabajo\TNestJSCompunetIII\src\seed\seed.controller.ts">
        <metrics statements="9" coveredstatements="9" conditionals="4" coveredconditionals="3" methods="3" coveredmethods="3"/>
        <line num="1" count="6" type="stmt"/>
        <line num="2" count="6" type="stmt"/>
        <line num="3" count="6" type="stmt"/>
        <line num="7" count="6" type="stmt"/>
        <line num="8" count="6" type="cond" truecount="3" falsecount="1"/>
        <line num="15" count="6" type="stmt"/>
        <line num="16" count="8" type="stmt"/>
        <line num="23" count="6" type="stmt"/>
        <line num="24" count="10" type="stmt"/>
      </file>
      <file name="seed.service.ts" path="C:\Users\Aleja\Desktop\Nest_AreaTrabajo\TNestJSCompunetIII\src\seed\seed.service.ts">
        <metrics statements="54" coveredstatements="51" conditionals="30" coveredconditionals="23" methods="9" coveredmethods="9"/>
        <line num="1" count="6" type="stmt"/>
        <line num="2" count="6" type="stmt"/>
        <line num="3" count="6" type="stmt"/>
        <line num="4" count="6" type="stmt"/>
        <line num="5" count="6" type="stmt"/>
        <line num="6" count="6" type="stmt"/>
        <line num="7" count="6" type="stmt"/>
        <line num="8" count="6" type="stmt"/>
        <line num="11" count="6" type="stmt"/>
        <line num="14" count="6" type="stmt"/>
        <line num="17" count="6" type="cond" truecount="6" falsecount="2"/>
        <line num="19" count="6" type="cond" truecount="3" falsecount="1"/>
        <line num="21" count="6" type="cond" truecount="3" falsecount="1"/>
        <line num="23" count="6" type="stmt"/>
        <line num="27" count="8" type="stmt"/>
        <line num="28" count="8" type="stmt"/>
        <line num="29" count="8" type="stmt"/>
        <line num="30" count="8" type="stmt"/>
        <line num="32" count="8" type="stmt"/>
        <line num="34" count="0" type="stmt"/>
        <line num="39" count="8" type="stmt"/>
        <line num="40" count="8" type="stmt"/>
        <line num="42" count="8" type="stmt"/>
        <line num="43" count="32" type="stmt"/>
        <line num="47" count="32" type="cond" truecount="2" falsecount="0"/>
        <line num="48" count="28" type="stmt"/>
        <line num="55" count="28" type="stmt"/>
        <line num="61" count="8" type="stmt"/>
        <line num="62" count="48" type="stmt"/>
        <line num="66" count="48" type="cond" truecount="2" falsecount="0"/>
        <line num="67" count="42" type="stmt"/>
        <line num="72" count="42" type="stmt"/>
        <line num="75" count="42" type="stmt"/>
        <line num="76" count="105" type="stmt"/>
        <line num="81" count="105" type="stmt"/>
        <line num="88" count="8" type="stmt"/>
        <line num="89" count="8" type="stmt"/>
        <line num="91" count="8" type="cond" truecount="3" falsecount="1"/>
        <line num="92" count="0" type="stmt"/>
        <line num="95" count="8" type="stmt"/>
        <line num="96" count="184" type="stmt"/>
        <line num="97" count="176" type="stmt"/>
        <line num="99" count="64" type="cond" truecount="3" falsecount="1"/>
        <line num="100" count="104" type="stmt"/>
        <line num="102" count="64" type="cond" truecount="1" falsecount="1"/>
        <line num="103" count="64" type="stmt"/>
        <line num="112" count="64" type="stmt"/>
        <line num="119" count="10" type="stmt"/>
        <line num="120" count="10" type="stmt"/>
        <line num="121" count="10" type="stmt"/>
        <line num="122" count="10" type="stmt"/>
        <line num="123" count="10" type="stmt"/>
        <line num="125" count="10" type="stmt"/>
        <line num="127" count="0" type="stmt"/>
      </file>
    </package>
    <package name="src.seed.data">
      <metrics statements="3" coveredstatements="3" conditionals="0" coveredconditionals="0" methods="0" coveredmethods="0"/>
      <file name="seed-data.ts" path="C:\Users\Aleja\Desktop\Nest_AreaTrabajo\TNestJSCompunetIII\src\seed\data\seed-data.ts">
        <metrics statements="3" coveredstatements="3" conditionals="0" coveredconditionals="0" methods="0" coveredmethods="0"/>
        <line num="1" count="6" type="stmt"/>
        <line num="2" count="6" type="stmt"/>
        <line num="4" count="6" type="stmt"/>
      </file>
    </package>
    <package name="src.users">
      <metrics statements="66" coveredstatements="60" conditionals="36" coveredconditionals="24" methods="17" coveredmethods="17"/>
      <file name="users.controller.ts" path="C:\Users\Aleja\Desktop\Nest_AreaTrabajo\TNestJSCompunetIII\src\users\users.controller.ts">
        <metrics statements="23" coveredstatements="23" conditionals="12" coveredconditionals="9" methods="8" coveredmethods="8"/>
        <line num="1" count="6" type="stmt"/>
        <line num="13" count="6" type="stmt"/>
        <line num="14" count="6" type="stmt"/>
        <line num="15" count="6" type="stmt"/>
        <line num="16" count="6" type="stmt"/>
        <line num="17" count="6" type="stmt"/>
        <line num="18" count="6" type="stmt"/>
        <line num="22" count="6" type="stmt"/>
        <line num="23" count="6" type="cond" truecount="3" falsecount="1"/>
        <line num="31" count="6" type="cond" truecount="3" falsecount="1"/>
        <line num="32" count="3" type="stmt"/>
        <line num="42" count="6" type="stmt"/>
        <line num="43" count="1" type="stmt"/>
        <line num="54" count="6" type="stmt"/>
        <line num="55" count="1" type="stmt"/>
        <line num="66" count="6" type="stmt"/>
        <line num="67" count="1" type="stmt"/>
        <line num="79" count="6" type="stmt"/>
        <line num="80" count="2" type="stmt"/>
        <line num="92" count="6" type="stmt"/>
        <line num="96" count="1" type="stmt"/>
        <line num="109" count="6" type="stmt"/>
        <line num="110" count="1" type="stmt"/>
      </file>
      <file name="users.service.ts" path="C:\Users\Aleja\Desktop\Nest_AreaTrabajo\TNestJSCompunetIII\src\users\users.service.ts">
        <metrics statements="43" coveredstatements="37" conditionals="24" coveredconditionals="15" methods="9" coveredmethods="9"/>
        <line num="1" count="6" type="stmt"/>
        <line num="7" count="6" type="stmt"/>
        <line num="8" count="6" type="stmt"/>
        <line num="9" count="6" type="stmt"/>
        <line num="10" count="6" type="stmt"/>
        <line num="15" count="6" type="stmt"/>
        <line num="18" count="6" type="cond" truecount="3" falsecount="1"/>
        <line num="22" count="3" type="stmt"/>
        <line num="23" count="3" type="stmt"/>
        <line num="27" count="3" type="cond" truecount="2" falsecount="0"/>
        <line num="28" count="1" type="stmt"/>
        <line num="32" count="2" type="stmt"/>
        <line num="33" count="2" type="stmt"/>
        <line num="35" count="2" type="stmt"/>
        <line num="42" count="2" type="stmt"/>
        <line num="44" count="1" type="cond" truecount="1" falsecount="1"/>
        <line num="45" count="1" type="stmt"/>
        <line num="47" count="0" type="stmt"/>
        <line num="52" count="1" type="stmt"/>
        <line num="59" count="13" type="stmt"/>
        <line num="64" count="13" type="cond" truecount="1" falsecount="1"/>
        <line num="65" count="0" type="stmt"/>
        <line num="68" count="13" type="stmt"/>
        <line num="72" count="2" type="stmt"/>
        <line num="77" count="2" type="cond" truecount="2" falsecount="0"/>
        <line num="78" count="1" type="stmt"/>
        <line num="81" count="1" type="stmt"/>
        <line num="85" count="1" type="stmt"/>
        <line num="87" count="1" type="cond" truecount="1" falsecount="1"/>
        <line num="88" count="0" type="stmt"/>
        <line num="92" count="0" type="cond" truecount="0" falsecount="4"/>
        <line num="93" count="0" type="stmt"/>
        <line num="97" count="1" type="stmt"/>
        <line num="98" count="1" type="stmt"/>
        <line num="102" count="1" type="stmt"/>
        <line num="103" count="1" type="stmt"/>
        <line num="107" count="3" type="stmt"/>
        <line num="109" count="3" type="cond" truecount="1" falsecount="1"/>
        <line num="110" count="0" type="stmt"/>
        <line num="113" count="3" type="stmt"/>
        <line num="114" count="3" type="stmt"/>
        <line num="118" count="1" type="stmt"/>
        <line num="119" count="1" type="stmt"/>
      </file>
    </package>
  </project>
</coverage>
