{"C:\\Users\\Aleja\\Desktop\\Nest_AreaTrabajo\\TNestJSCompunetIII\\src\\app.controller.ts": {"path":"C:\\Users\\Aleja\\Desktop\\Nest_AreaTrabajo\\TNestJSCompunetIII\\src\\app.controller.ts","statementMap":{"0":{"start":{"line":1,"column":0},"end":{"line":1,"column":49}},"1":{"start":{"line":2,"column":0},"end":{"line":2,"column":43}},"2":{"start":{"line":5,"column":7},"end":{"line":12,"column":null}},"3":{"start":{"line":6,"column":31},"end":{"line":6,"column":43}},"4":{"start":{"line":10,"column":4},"end":{"line":10,"column":38}},"5":{"start":{"line":5,"column":13},"end":{"line":5,"column":26}},"6":{"start":{"line":9,"column":2},"end":{"line":11,"column":null}},"7":{"start":{"line":5,"column":13},"end":{"line":12,"column":null}}},"fnMap":{"0":{"name":"(anonymous_2)","decl":{"start":{"line":6,"column":2},"end":{"line":6,"column":31}},"loc":{"start":{"line":6,"column":53},"end":{"line":6,"column":57}}},"1":{"name":"(anonymous_3)","decl":{"start":{"line":9,"column":2},"end":{"line":9,"column":10}},"loc":{"start":{"line":9,"column":10},"end":{"line":11,"column":3}}}},"branchMap":{"0":{"loc":{"start":{"line":6,"column":43},"end":{"line":6,"column":56}},"type":"cond-expr","locations":[{"start":{"line":6,"column":53},"end":{"line":6,"column":56}},{"start":{"line":6,"column":53},"end":{"line":6,"column":56}}]},"1":{"loc":{"start":{"line":6,"column":43},"end":{"line":6,"column":53}},"type":"binary-expr","locations":[{"start":{"line":6,"column":43},"end":{"line":6,"column":56}},{"start":{"line":6,"column":43},"end":{"line":6,"column":53}}]}},"s":{"0":6,"1":6,"2":6,"3":6,"4":2,"5":6,"6":6,"7":6},"f":{"0":6,"1":2},"b":{"0":[6,0],"1":[6,6]}}
,"C:\\Users\\Aleja\\Desktop\\Nest_AreaTrabajo\\TNestJSCompunetIII\\src\\app.service.ts": {"path":"C:\\Users\\Aleja\\Desktop\\Nest_AreaTrabajo\\TNestJSCompunetIII\\src\\app.service.ts","statementMap":{"0":{"start":{"line":1,"column":0},"end":{"line":1,"column":44}},"1":{"start":{"line":4,"column":7},"end":{"line":8,"column":null}},"2":{"start":{"line":6,"column":4},"end":{"line":6,"column":26}},"3":{"start":{"line":4,"column":13},"end":{"line":4,"column":23}},"4":{"start":{"line":4,"column":13},"end":{"line":8,"column":null}}},"fnMap":{"0":{"name":"(anonymous_1)","decl":{"start":{"line":5,"column":2},"end":{"line":5,"column":10}},"loc":{"start":{"line":5,"column":10},"end":{"line":7,"column":3}}}},"branchMap":{},"s":{"0":6,"1":6,"2":2,"3":6,"4":6},"f":{"0":2},"b":{}}
,"C:\\Users\\Aleja\\Desktop\\Nest_AreaTrabajo\\TNestJSCompunetIII\\src\\auth\\auth.controller.ts": {"path":"C:\\Users\\Aleja\\Desktop\\Nest_AreaTrabajo\\TNestJSCompunetIII\\src\\auth\\auth.controller.ts","statementMap":{"0":{"start":{"line":1,"column":0},"end":{"line":1,"column":83}},"1":{"start":{"line":2,"column":0},"end":{"line":2,"column":84}},"2":{"start":{"line":3,"column":0},"end":{"line":3,"column":45}},"3":{"start":{"line":4,"column":0},"end":{"line":4,"column":43}},"4":{"start":{"line":5,"column":0},"end":{"line":5,"column":49}},"5":{"start":{"line":6,"column":0},"end":{"line":6,"column":51}},"6":{"start":{"line":7,"column":0},"end":{"line":7,"column":58}},"7":{"start":{"line":8,"column":0},"end":{"line":8,"column":46}},"8":{"start":{"line":12,"column":7},"end":{"line":43,"column":null}},"9":{"start":{"line":13,"column":31},"end":{"line":13,"column":44}},"10":{"start":{"line":22,"column":4},"end":{"line":22,"column":50}},"11":{"start":{"line":31,"column":4},"end":{"line":31,"column":44}},"12":{"start":{"line":41,"column":4},"end":{"line":41,"column":20}},"13":{"start":{"line":12,"column":13},"end":{"line":12,"column":27}},"14":{"start":{"line":21,"column":8},"end":{"line":23,"column":null}},"15":{"start":{"line":30,"column":8},"end":{"line":32,"column":null}},"16":{"start":{"line":40,"column":8},"end":{"line":42,"column":null}},"17":{"start":{"line":12,"column":13},"end":{"line":43,"column":null}}},"fnMap":{"0":{"name":"(anonymous_4)","decl":{"start":{"line":13,"column":2},"end":{"line":13,"column":31}},"loc":{"start":{"line":13,"column":55},"end":{"line":13,"column":59}}},"1":{"name":"(anonymous_5)","decl":{"start":{"line":21,"column":8},"end":{"line":21,"column":16}},"loc":{"start":{"line":21,"column":49},"end":{"line":23,"column":3}}},"2":{"name":"(anonymous_6)","decl":{"start":{"line":30,"column":8},"end":{"line":30,"column":13}},"loc":{"start":{"line":30,"column":40},"end":{"line":32,"column":3}}},"3":{"name":"(anonymous_7)","decl":{"start":{"line":40,"column":8},"end":{"line":40,"column":18}},"loc":{"start":{"line":40,"column":40},"end":{"line":42,"column":3}}}},"branchMap":{"0":{"loc":{"start":{"line":21,"column":38},"end":{"line":21,"column":null}},"type":"cond-expr","locations":[{"start":{"line":21,"column":49},"end":{"line":21,"column":null}},{"start":{"line":21,"column":49},"end":{"line":21,"column":null}}]},"1":{"loc":{"start":{"line":21,"column":38},"end":{"line":21,"column":49}},"type":"binary-expr","locations":[{"start":{"line":21,"column":38},"end":{"line":21,"column":null}},{"start":{"line":21,"column":38},"end":{"line":21,"column":49}}]},"2":{"loc":{"start":{"line":30,"column":32},"end":{"line":30,"column":null}},"type":"cond-expr","locations":[{"start":{"line":30,"column":40},"end":{"line":30,"column":null}},{"start":{"line":30,"column":40},"end":{"line":30,"column":null}}]},"3":{"loc":{"start":{"line":30,"column":32},"end":{"line":30,"column":40}},"type":"binary-expr","locations":[{"start":{"line":30,"column":32},"end":{"line":30,"column":null}},{"start":{"line":30,"column":32},"end":{"line":30,"column":40}}]},"4":{"loc":{"start":{"line":40,"column":36},"end":{"line":40,"column":null}},"type":"cond-expr","locations":[{"start":{"line":40,"column":40},"end":{"line":40,"column":null}},{"start":{"line":40,"column":40},"end":{"line":40,"column":null}}]},"5":{"loc":{"start":{"line":40,"column":36},"end":{"line":40,"column":40}},"type":"binary-expr","locations":[{"start":{"line":40,"column":36},"end":{"line":40,"column":null}},{"start":{"line":40,"column":36},"end":{"line":40,"column":40}}]},"6":{"loc":{"start":{"line":13,"column":44},"end":{"line":13,"column":58}},"type":"cond-expr","locations":[{"start":{"line":13,"column":55},"end":{"line":13,"column":58}},{"start":{"line":13,"column":55},"end":{"line":13,"column":58}}]},"7":{"loc":{"start":{"line":13,"column":44},"end":{"line":13,"column":55}},"type":"binary-expr","locations":[{"start":{"line":13,"column":44},"end":{"line":13,"column":58}},{"start":{"line":13,"column":44},"end":{"line":13,"column":55}}]}},"s":{"0":6,"1":6,"2":6,"3":6,"4":6,"5":6,"6":6,"7":6,"8":6,"9":6,"10":10,"11":3,"12":0,"13":6,"14":6,"15":6,"16":6,"17":6},"f":{"0":6,"1":10,"2":3,"3":0},"b":{"0":[6,0],"1":[6,6],"2":[6,0],"3":[6,6],"4":[6,0],"5":[6,6],"6":[6,0],"7":[6,6]}}
,"C:\\Users\\Aleja\\Desktop\\Nest_AreaTrabajo\\TNestJSCompunetIII\\src\\auth\\auth.service.ts": {"path":"C:\\Users\\Aleja\\Desktop\\Nest_AreaTrabajo\\TNestJSCompunetIII\\src\\auth\\auth.service.ts","statementMap":{"0":{"start":{"line":1,"column":0},"end":{"line":1,"column":null}},"1":{"start":{"line":8,"column":0},"end":{"line":8,"column":41}},"2":{"start":{"line":9,"column":0},"end":{"line":9,"column":51}},"3":{"start":{"line":10,"column":0},"end":{"line":10,"column":37}},"4":{"start":{"line":11,"column":0},"end":{"line":11,"column":33}},"5":{"start":{"line":12,"column":0},"end":{"line":12,"column":46}},"6":{"start":{"line":18,"column":7},"end":{"line":96,"column":null}},"7":{"start":{"line":21,"column":21},"end":{"line":21,"column":37}},"8":{"start":{"line":22,"column":21},"end":{"line":22,"column":33}},"9":{"start":{"line":26,"column":38},"end":{"line":26,"column":49}},"10":{"start":{"line":28,"column":4},"end":{"line":44,"column":5}},"11":{"start":{"line":29,"column":19},"end":{"line":33,"column":8}},"12":{"start":{"line":35,"column":6},"end":{"line":35,"column":43}},"13":{"start":{"line":36,"column":6},"end":{"line":36,"column":27}},"14":{"start":{"line":38,"column":6},"end":{"line":41,"column":8}},"15":{"start":{"line":43,"column":6},"end":{"line":43,"column":34}},"16":{"start":{"line":48,"column":35},"end":{"line":48,"column":43}},"17":{"start":{"line":50,"column":17},"end":{"line":60,"column":6}},"18":{"start":{"line":62,"column":4},"end":{"line":64,"column":5}},"19":{"start":{"line":63,"column":6},"end":{"line":63,"column":71}},"20":{"start":{"line":66,"column":4},"end":{"line":68,"column":5}},"21":{"start":{"line":67,"column":6},"end":{"line":67,"column":58}},"22":{"start":{"line":70,"column":4},"end":{"line":72,"column":5}},"23":{"start":{"line":71,"column":6},"end":{"line":71,"column":74}},"24":{"start":{"line":74,"column":4},"end":{"line":74,"column":25}},"25":{"start":{"line":76,"column":4},"end":{"line":79,"column":6}},"26":{"start":{"line":83,"column":4},"end":{"line":83,"column":41}},"27":{"start":{"line":87,"column":4},"end":{"line":87,"column":41}},"28":{"start":{"line":91,"column":4},"end":{"line":93,"column":5}},"29":{"start":{"line":92,"column":6},"end":{"line":92,"column":68}},"30":{"start":{"line":94,"column":4},"end":{"line":94,"column":72}},"31":{"start":{"line":18,"column":13},"end":{"line":18,"column":24}},"32":{"start":{"line":18,"column":13},"end":{"line":96,"column":null}}},"fnMap":{"0":{"name":"(anonymous_13)","decl":{"start":{"line":19,"column":2},"end":{"line":19,"column":null}},"loc":{"start":{"line":22,"column":43},"end":{"line":23,"column":6}}},"1":{"name":"(anonymous_14)","decl":{"start":{"line":25,"column":2},"end":{"line":25,"column":7}},"loc":{"start":{"line":25,"column":41},"end":{"line":45,"column":3}}},"2":{"name":"(anonymous_15)","decl":{"start":{"line":47,"column":2},"end":{"line":47,"column":7}},"loc":{"start":{"line":47,"column":32},"end":{"line":80,"column":3}}},"3":{"name":"(anonymous_16)","decl":{"start":{"line":82,"column":10},"end":{"line":82,"column":25}},"loc":{"start":{"line":82,"column":42},"end":{"line":84,"column":3}}},"4":{"name":"(anonymous_17)","decl":{"start":{"line":86,"column":10},"end":{"line":86,"column":21}},"loc":{"start":{"line":86,"column":41},"end":{"line":88,"column":3}}},"5":{"name":"(anonymous_18)","decl":{"start":{"line":90,"column":10},"end":{"line":90,"column":25}},"loc":{"start":{"line":90,"column":36},"end":{"line":95,"column":3}}}},"branchMap":{"0":{"loc":{"start":{"line":32,"column":15},"end":{"line":32,"column":44}},"type":"binary-expr","locations":[{"start":{"line":32,"column":15},"end":{"line":32,"column":32}},{"start":{"line":32,"column":36},"end":{"line":32,"column":44}}]},"1":{"loc":{"start":{"line":62,"column":4},"end":{"line":64,"column":5}},"type":"if","locations":[{"start":{"line":62,"column":4},"end":{"line":64,"column":5}},{"start":{},"end":{}}]},"2":{"loc":{"start":{"line":66,"column":4},"end":{"line":68,"column":5}},"type":"if","locations":[{"start":{"line":66,"column":4},"end":{"line":68,"column":5}},{"start":{},"end":{}}]},"3":{"loc":{"start":{"line":70,"column":4},"end":{"line":72,"column":5}},"type":"if","locations":[{"start":{"line":70,"column":4},"end":{"line":72,"column":5}},{"start":{},"end":{}}]},"4":{"loc":{"start":{"line":91,"column":4},"end":{"line":93,"column":5}},"type":"if","locations":[{"start":{"line":91,"column":4},"end":{"line":93,"column":5}},{"start":{},"end":{}}]},"5":{"loc":{"start":{"line":21,"column":37},"end":{"line":21,"column":53}},"type":"cond-expr","locations":[{"start":{"line":21,"column":47},"end":{"line":21,"column":53}},{"start":{"line":21,"column":47},"end":{"line":21,"column":53}}]},"6":{"loc":{"start":{"line":21,"column":37},"end":{"line":21,"column":47}},"type":"binary-expr","locations":[{"start":{"line":21,"column":37},"end":{"line":21,"column":53}},{"start":{"line":21,"column":37},"end":{"line":21,"column":47}}]},"7":{"loc":{"start":{"line":21,"column":47},"end":{"line":22,"column":null}},"type":"cond-expr","locations":[{"start":{"line":22,"column":43},"end":{"line":22,"column":null}},{"start":{"line":22,"column":43},"end":{"line":22,"column":null}}]},"8":{"loc":{"start":{"line":21,"column":47},"end":{"line":22,"column":43}},"type":"binary-expr","locations":[{"start":{"line":21,"column":47},"end":{"line":22,"column":null}},{"start":{"line":22,"column":33},"end":{"line":22,"column":43}}]}},"s":{"0":6,"1":6,"2":6,"3":6,"4":6,"5":6,"6":6,"7":6,"8":6,"9":10,"10":10,"11":10,"12":10,"13":9,"14":9,"15":1,"16":3,"17":3,"18":3,"19":1,"20":2,"21":0,"22":2,"23":1,"24":1,"25":1,"26":10,"27":10,"28":1,"29":1,"30":0,"31":6,"32":6},"f":{"0":6,"1":10,"2":3,"3":10,"4":10,"5":1},"b":{"0":[10,7],"1":[1,2],"2":[0,2],"3":[1,1],"4":[1,0],"5":[6,0],"6":[6,6],"7":[6,0],"8":[6,6]}}
,"C:\\Users\\Aleja\\Desktop\\Nest_AreaTrabajo\\TNestJSCompunetIII\\src\\auth\\decorators\\auth.decorator.ts": {"path":"C:\\Users\\Aleja\\Desktop\\Nest_AreaTrabajo\\TNestJSCompunetIII\\src\\auth\\decorators\\auth.decorator.ts","statementMap":{"0":{"start":{"line":7,"column":0},"end":{"line":7,"column":16}},"1":{"start":{"line":1,"column":0},"end":{"line":1,"column":60}},"2":{"start":{"line":2,"column":0},"end":{"line":2,"column":45}},"3":{"start":{"line":4,"column":0},"end":{"line":4,"column":59}},"4":{"start":{"line":5,"column":0},"end":{"line":5,"column":51}},"5":{"start":{"line":8,"column":2},"end":{"line":11,"column":4}}},"fnMap":{"0":{"name":"Auth","decl":{"start":{"line":7,"column":16},"end":{"line":7,"column":20}},"loc":{"start":{"line":7,"column":43},"end":{"line":12,"column":1}}}},"branchMap":{},"s":{"0":6,"1":6,"2":6,"3":6,"4":6,"5":120},"f":{"0":120},"b":{}}
,"C:\\Users\\Aleja\\Desktop\\Nest_AreaTrabajo\\TNestJSCompunetIII\\src\\auth\\decorators\\get-user.decorator.ts": {"path":"C:\\Users\\Aleja\\Desktop\\Nest_AreaTrabajo\\TNestJSCompunetIII\\src\\auth\\decorators\\get-user.decorator.ts","statementMap":{"0":{"start":{"line":1,"column":0},"end":{"line":1,"column":null}},"1":{"start":{"line":7,"column":13},"end":{"line":18,"column":2}},"2":{"start":{"line":9,"column":20},"end":{"line":9,"column":55}},"3":{"start":{"line":10,"column":17},"end":{"line":10,"column":29}},"4":{"start":{"line":12,"column":4},"end":{"line":14,"column":5}},"5":{"start":{"line":13,"column":6},"end":{"line":13,"column":80}},"6":{"start":{"line":16,"column":4},"end":{"line":16,"column":36}}},"fnMap":{"0":{"name":"(anonymous_0)","decl":{"start":{"line":8,"column":2},"end":{"line":8,"column":3}},"loc":{"start":{"line":8,"column":46},"end":{"line":17,"column":3}}}},"branchMap":{"0":{"loc":{"start":{"line":12,"column":4},"end":{"line":14,"column":5}},"type":"if","locations":[{"start":{"line":12,"column":4},"end":{"line":14,"column":5}},{"start":{},"end":{}}]},"1":{"loc":{"start":{"line":16,"column":11},"end":{"line":16,"column":35}},"type":"cond-expr","locations":[{"start":{"line":16,"column":18},"end":{"line":16,"column":28}},{"start":{"line":16,"column":31},"end":{"line":16,"column":35}}]}},"s":{"0":6,"1":6,"2":0,"3":0,"4":0,"5":0,"6":0},"f":{"0":0},"b":{"0":[0,0],"1":[0,0]}}
,"C:\\Users\\Aleja\\Desktop\\Nest_AreaTrabajo\\TNestJSCompunetIII\\src\\auth\\decorators\\role-protected.decorator.ts": {"path":"C:\\Users\\Aleja\\Desktop\\Nest_AreaTrabajo\\TNestJSCompunetIII\\src\\auth\\decorators\\role-protected.decorator.ts","statementMap":{"0":{"start":{"line":1,"column":0},"end":{"line":1,"column":45}},"1":{"start":{"line":4,"column":13},"end":{"line":4,"column":34}},"2":{"start":{"line":6,"column":29},"end":{"line":8,"column":1}},"3":{"start":{"line":7,"column":2},"end":{"line":7,"column":39}},"4":{"start":{"line":6,"column":13},"end":{"line":6,"column":29}}},"fnMap":{"0":{"name":"(anonymous_0)","decl":{"start":{"line":6,"column":29},"end":{"line":6,"column":30}},"loc":{"start":{"line":6,"column":55},"end":{"line":8,"column":1}}}},"branchMap":{},"s":{"0":6,"1":6,"2":6,"3":120,"4":6},"f":{"0":120},"b":{}}
,"C:\\Users\\Aleja\\Desktop\\Nest_AreaTrabajo\\TNestJSCompunetIII\\src\\auth\\entities\\user.entity.ts": {"path":"C:\\Users\\Aleja\\Desktop\\Nest_AreaTrabajo\\TNestJSCompunetIII\\src\\auth\\entities\\user.entity.ts","statementMap":{"0":{"start":{"line":1,"column":0},"end":{"line":1,"column":null}},"1":{"start":{"line":11,"column":0},"end":{"line":11,"column":46}},"2":{"start":{"line":12,"column":0},"end":{"line":12,"column":53}},"3":{"start":{"line":15,"column":7},"end":{"line":109,"column":null}},"4":{"start":{"line":107,"column":4},"end":{"line":107,"column":55}},"5":{"start":{"line":15,"column":13},"end":{"line":15,"column":17}},"6":{"start":{"line":21,"column":2},"end":{"line":21,"column":null}},"7":{"start":{"line":33,"column":2},"end":{"line":33,"column":null}},"8":{"start":{"line":46,"column":2},"end":{"line":46,"column":null}},"9":{"start":{"line":57,"column":2},"end":{"line":57,"column":null}},"10":{"start":{"line":70,"column":2},"end":{"line":70,"column":null}},"11":{"start":{"line":81,"column":2},"end":{"line":81,"column":null}},"12":{"start":{"line":88,"column":2},"end":{"line":88,"column":null}},"13":{"start":{"line":95,"column":2},"end":{"line":95,"column":null}},"14":{"start":{"line":102,"column":2},"end":{"line":102,"column":null}},"15":{"start":{"line":99,"column":16},"end":{"line":99,"column":21}},"16":{"start":{"line":101,"column":19},"end":{"line":101,"column":22}},"17":{"start":{"line":101,"column":33},"end":{"line":101,"column":41}},"18":{"start":{"line":106,"column":2},"end":{"line":108,"column":null}},"19":{"start":{"line":15,"column":13},"end":{"line":109,"column":null}}},"fnMap":{"0":{"name":"(anonymous_2)","decl":{"start":{"line":106,"column":2},"end":{"line":106,"column":19}},"loc":{"start":{"line":106,"column":19},"end":{"line":108,"column":3}}},"1":{"name":"(anonymous_3)","decl":{"start":{"line":99,"column":10},"end":{"line":99,"column":13}},"loc":{"start":{"line":99,"column":16},"end":{"line":99,"column":21}}},"2":{"name":"(anonymous_4)","decl":{"start":{"line":101,"column":13},"end":{"line":101,"column":16}},"loc":{"start":{"line":101,"column":19},"end":{"line":101,"column":22}}},"3":{"name":"(anonymous_5)","decl":{"start":{"line":101,"column":24},"end":{"line":101,"column":25}},"loc":{"start":{"line":101,"column":33},"end":{"line":101,"column":41}}}},"branchMap":{"0":{"loc":{"start":{"line":88,"column":13},"end":{"line":88,"column":18}},"type":"cond-expr","locations":[{"start":{"line":88,"column":17},"end":{"line":88,"column":18}},{"start":{"line":88,"column":17},"end":{"line":88,"column":18}}]},"1":{"loc":{"start":{"line":88,"column":13},"end":{"line":88,"column":17}},"type":"binary-expr","locations":[{"start":{"line":88,"column":13},"end":{"line":88,"column":18}},{"start":{"line":88,"column":13},"end":{"line":88,"column":17}}]},"2":{"loc":{"start":{"line":95,"column":13},"end":{"line":95,"column":18}},"type":"cond-expr","locations":[{"start":{"line":95,"column":17},"end":{"line":95,"column":18}},{"start":{"line":95,"column":17},"end":{"line":95,"column":18}}]},"3":{"loc":{"start":{"line":95,"column":13},"end":{"line":95,"column":17}},"type":"binary-expr","locations":[{"start":{"line":95,"column":13},"end":{"line":95,"column":18}},{"start":{"line":95,"column":13},"end":{"line":95,"column":17}}]}},"s":{"0":6,"1":6,"2":6,"3":6,"4":44,"5":6,"6":6,"7":6,"8":6,"9":6,"10":6,"11":6,"12":6,"13":6,"14":6,"15":0,"16":6,"17":6,"18":6,"19":6},"f":{"0":44,"1":0,"2":6,"3":6},"b":{"0":[6,0],"1":[6,6],"2":[6,0],"3":[6,6]}}
,"C:\\Users\\Aleja\\Desktop\\Nest_AreaTrabajo\\TNestJSCompunetIII\\src\\auth\\guards\\roles.guard.ts": {"path":"C:\\Users\\Aleja\\Desktop\\Nest_AreaTrabajo\\TNestJSCompunetIII\\src\\auth\\guards\\roles.guard.ts","statementMap":{"0":{"start":{"line":1,"column":0},"end":{"line":1,"column":116}},"1":{"start":{"line":2,"column":0},"end":{"line":2,"column":41}},"2":{"start":{"line":4,"column":0},"end":{"line":4,"column":68}},"3":{"start":{"line":8,"column":7},"end":{"line":33,"column":null}},"4":{"start":{"line":9,"column":31},"end":{"line":9,"column":42}},"5":{"start":{"line":14,"column":33},"end":{"line":14,"column":85}},"6":{"start":{"line":16,"column":4},"end":{"line":16,"column":60}},"7":{"start":{"line":16,"column":48},"end":{"line":16,"column":60}},"8":{"start":{"line":18,"column":20},"end":{"line":18,"column":55}},"9":{"start":{"line":19,"column":17},"end":{"line":19,"column":37}},"10":{"start":{"line":21,"column":4},"end":{"line":23,"column":5}},"11":{"start":{"line":22,"column":6},"end":{"line":22,"column":61}},"12":{"start":{"line":25,"column":25},"end":{"line":25,"column":77}},"13":{"start":{"line":25,"column":51},"end":{"line":25,"column":76}},"14":{"start":{"line":27,"column":4},"end":{"line":27,"column":34}},"15":{"start":{"line":27,"column":22},"end":{"line":27,"column":34}},"16":{"start":{"line":29,"column":4},"end":{"line":31,"column":6}},"17":{"start":{"line":8,"column":13},"end":{"line":8,"column":23}},"18":{"start":{"line":8,"column":13},"end":{"line":33,"column":null}}},"fnMap":{"0":{"name":"(anonymous_2)","decl":{"start":{"line":9,"column":2},"end":{"line":9,"column":31}},"loc":{"start":{"line":9,"column":51},"end":{"line":9,"column":55}}},"1":{"name":"(anonymous_3)","decl":{"start":{"line":11,"column":2},"end":{"line":11,"column":13}},"loc":{"start":{"line":12,"column":29},"end":{"line":32,"column":3}}},"2":{"name":"(anonymous_4)","decl":{"start":{"line":25,"column":41},"end":{"line":25,"column":42}},"loc":{"start":{"line":25,"column":51},"end":{"line":25,"column":76}}}},"branchMap":{"0":{"loc":{"start":{"line":16,"column":4},"end":{"line":16,"column":60}},"type":"if","locations":[{"start":{"line":16,"column":4},"end":{"line":16,"column":60}},{"start":{},"end":{}}]},"1":{"loc":{"start":{"line":16,"column":8},"end":{"line":16,"column":46}},"type":"binary-expr","locations":[{"start":{"line":16,"column":8},"end":{"line":16,"column":19}},{"start":{"line":16,"column":23},"end":{"line":16,"column":46}}]},"2":{"loc":{"start":{"line":21,"column":4},"end":{"line":23,"column":5}},"type":"if","locations":[{"start":{"line":21,"column":4},"end":{"line":23,"column":5}},{"start":{},"end":{}}]},"3":{"loc":{"start":{"line":27,"column":4},"end":{"line":27,"column":34}},"type":"if","locations":[{"start":{"line":27,"column":4},"end":{"line":27,"column":34}},{"start":{},"end":{}}]},"4":{"loc":{"start":{"line":9,"column":42},"end":{"line":9,"column":54}},"type":"cond-expr","locations":[{"start":{"line":9,"column":51},"end":{"line":9,"column":54}},{"start":{"line":9,"column":51},"end":{"line":9,"column":54}}]},"5":{"loc":{"start":{"line":9,"column":42},"end":{"line":9,"column":51}},"type":"binary-expr","locations":[{"start":{"line":9,"column":42},"end":{"line":9,"column":54}},{"start":{"line":9,"column":42},"end":{"line":9,"column":51}}]}},"s":{"0":6,"1":6,"2":6,"3":6,"4":24,"5":39,"6":39,"7":19,"8":20,"9":20,"10":20,"11":0,"12":20,"13":20,"14":20,"15":11,"16":9,"17":6,"18":6},"f":{"0":24,"1":39,"2":20},"b":{"0":[19,20],"1":[39,39],"2":[0,20],"3":[11,9],"4":[6,0],"5":[6,6]}}
,"C:\\Users\\Aleja\\Desktop\\Nest_AreaTrabajo\\TNestJSCompunetIII\\src\\auth\\strategies\\jwt.strategy.ts": {"path":"C:\\Users\\Aleja\\Desktop\\Nest_AreaTrabajo\\TNestJSCompunetIII\\src\\auth\\strategies\\jwt.strategy.ts","statementMap":{"0":{"start":{"line":1,"column":0},"end":{"line":1,"column":67}},"1":{"start":{"line":2,"column":0},"end":{"line":2,"column":52}},"2":{"start":{"line":3,"column":0},"end":{"line":3,"column":52}},"3":{"start":{"line":4,"column":0},"end":{"line":4,"column":51}},"4":{"start":{"line":5,"column":0},"end":{"line":5,"column":37}},"5":{"start":{"line":6,"column":0},"end":{"line":6,"column":47}},"6":{"start":{"line":7,"column":0},"end":{"line":7,"column":47}},"7":{"start":{"line":11,"column":7},"end":{"line":42,"column":null}},"8":{"start":{"line":17,"column":4},"end":{"line":20,"column":7}},"9":{"start":{"line":14,"column":21},"end":{"line":14,"column":37}},"10":{"start":{"line":15,"column":21},"end":{"line":15,"column":36}},"11":{"start":{"line":24,"column":19},"end":{"line":24,"column":26}},"12":{"start":{"line":26,"column":17},"end":{"line":28,"column":6}},"13":{"start":{"line":30,"column":4},"end":{"line":32,"column":5}},"14":{"start":{"line":31,"column":6},"end":{"line":31,"column":57}},"15":{"start":{"line":34,"column":4},"end":{"line":36,"column":5}},"16":{"start":{"line":35,"column":6},"end":{"line":35,"column":58}},"17":{"start":{"line":38,"column":4},"end":{"line":38,"column":25}},"18":{"start":{"line":40,"column":4},"end":{"line":40,"column":16}},"19":{"start":{"line":11,"column":13},"end":{"line":11,"column":24}},"20":{"start":{"line":11,"column":13},"end":{"line":42,"column":null}}},"fnMap":{"0":{"name":"(anonymous_4)","decl":{"start":{"line":12,"column":2},"end":{"line":12,"column":null}},"loc":{"start":{"line":15,"column":49},"end":{"line":21,"column":3}}},"1":{"name":"(anonymous_5)","decl":{"start":{"line":23,"column":2},"end":{"line":23,"column":7}},"loc":{"start":{"line":23,"column":36},"end":{"line":41,"column":3}}}},"branchMap":{"0":{"loc":{"start":{"line":30,"column":4},"end":{"line":32,"column":5}},"type":"if","locations":[{"start":{"line":30,"column":4},"end":{"line":32,"column":5}},{"start":{},"end":{}}]},"1":{"loc":{"start":{"line":34,"column":4},"end":{"line":36,"column":5}},"type":"if","locations":[{"start":{"line":34,"column":4},"end":{"line":36,"column":5}},{"start":{},"end":{}}]},"2":{"loc":{"start":{"line":14,"column":37},"end":{"line":14,"column":53}},"type":"cond-expr","locations":[{"start":{"line":14,"column":47},"end":{"line":14,"column":53}},{"start":{"line":14,"column":47},"end":{"line":14,"column":53}}]},"3":{"loc":{"start":{"line":14,"column":37},"end":{"line":14,"column":47}},"type":"binary-expr","locations":[{"start":{"line":14,"column":37},"end":{"line":14,"column":53}},{"start":{"line":14,"column":37},"end":{"line":14,"column":47}}]},"4":{"loc":{"start":{"line":14,"column":47},"end":{"line":15,"column":null}},"type":"cond-expr","locations":[{"start":{"line":15,"column":49},"end":{"line":15,"column":null}},{"start":{"line":15,"column":49},"end":{"line":15,"column":null}}]},"5":{"loc":{"start":{"line":14,"column":47},"end":{"line":15,"column":49}},"type":"binary-expr","locations":[{"start":{"line":14,"column":47},"end":{"line":15,"column":null}},{"start":{"line":15,"column":36},"end":{"line":15,"column":49}}]}},"s":{"0":6,"1":6,"2":6,"3":6,"4":6,"5":6,"6":6,"7":6,"8":6,"9":6,"10":6,"11":39,"12":39,"13":39,"14":0,"15":39,"16":0,"17":39,"18":39,"19":6,"20":6},"f":{"0":6,"1":39},"b":{"0":[0,39],"1":[0,39],"2":[6,0],"3":[6,6],"4":[6,0],"5":[6,6]}}
,"C:\\Users\\Aleja\\Desktop\\Nest_AreaTrabajo\\TNestJSCompunetIII\\src\\bets\\bets.controller.ts": {"path":"C:\\Users\\Aleja\\Desktop\\Nest_AreaTrabajo\\TNestJSCompunetIII\\src\\bets\\bets.controller.ts","statementMap":{"0":{"start":{"line":1,"column":0},"end":{"line":1,"column":null}},"1":{"start":{"line":12,"column":0},"end":{"line":12,"column":94}},"2":{"start":{"line":13,"column":0},"end":{"line":13,"column":45}},"3":{"start":{"line":14,"column":0},"end":{"line":14,"column":52}},"4":{"start":{"line":15,"column":0},"end":{"line":15,"column":57}},"5":{"start":{"line":16,"column":0},"end":{"line":16,"column":54}},"6":{"start":{"line":20,"column":7},"end":{"line":119,"column":null}},"7":{"start":{"line":21,"column":31},"end":{"line":21,"column":44}},"8":{"start":{"line":33,"column":4},"end":{"line":33,"column":49}},"9":{"start":{"line":44,"column":4},"end":{"line":44,"column":38}},"10":{"start":{"line":56,"column":4},"end":{"line":56,"column":40}},"11":{"start":{"line":67,"column":4},"end":{"line":67,"column":47}},"12":{"start":{"line":78,"column":4},"end":{"line":78,"column":49}},"13":{"start":{"line":89,"column":4},"end":{"line":89,"column":49}},"14":{"start":{"line":104,"column":4},"end":{"line":104,"column":54}},"15":{"start":{"line":117,"column":4},"end":{"line":117,"column":39}},"16":{"start":{"line":20,"column":13},"end":{"line":20,"column":27}},"17":{"start":{"line":32,"column":2},"end":{"line":34,"column":null}},"18":{"start":{"line":43,"column":2},"end":{"line":45,"column":null}},"19":{"start":{"line":55,"column":2},"end":{"line":57,"column":null}},"20":{"start":{"line":66,"column":2},"end":{"line":68,"column":null}},"21":{"start":{"line":77,"column":2},"end":{"line":79,"column":null}},"22":{"start":{"line":88,"column":2},"end":{"line":90,"column":null}},"23":{"start":{"line":103,"column":2},"end":{"line":105,"column":null}},"24":{"start":{"line":116,"column":2},"end":{"line":118,"column":null}},"25":{"start":{"line":20,"column":13},"end":{"line":119,"column":null}}},"fnMap":{"0":{"name":"(anonymous_4)","decl":{"start":{"line":21,"column":2},"end":{"line":21,"column":31}},"loc":{"start":{"line":21,"column":55},"end":{"line":21,"column":59}}},"1":{"name":"(anonymous_5)","decl":{"start":{"line":32,"column":2},"end":{"line":32,"column":8}},"loc":{"start":{"line":32,"column":43},"end":{"line":34,"column":3}}},"2":{"name":"(anonymous_6)","decl":{"start":{"line":43,"column":2},"end":{"line":43,"column":9}},"loc":{"start":{"line":43,"column":9},"end":{"line":45,"column":3}}},"3":{"name":"(anonymous_7)","decl":{"start":{"line":55,"column":2},"end":{"line":55,"column":9}},"loc":{"start":{"line":55,"column":48},"end":{"line":57,"column":3}}},"4":{"name":"(anonymous_8)","decl":{"start":{"line":66,"column":2},"end":{"line":66,"column":12}},"loc":{"start":{"line":66,"column":59},"end":{"line":68,"column":3}}},"5":{"name":"(anonymous_9)","decl":{"start":{"line":77,"column":2},"end":{"line":77,"column":14}},"loc":{"start":{"line":77,"column":61},"end":{"line":79,"column":3}}},"6":{"name":"(anonymous_10)","decl":{"start":{"line":88,"column":2},"end":{"line":88,"column":13}},"loc":{"start":{"line":88,"column":62},"end":{"line":90,"column":3}}},"7":{"name":"(anonymous_11)","decl":{"start":{"line":103,"column":2},"end":{"line":103,"column":18}},"loc":{"start":{"line":103,"column":67},"end":{"line":105,"column":3}}},"8":{"name":"(anonymous_12)","decl":{"start":{"line":116,"column":2},"end":{"line":116,"column":8}},"loc":{"start":{"line":116,"column":47},"end":{"line":118,"column":3}}}},"branchMap":{"0":{"loc":{"start":{"line":32,"column":31},"end":{"line":32,"column":null}},"type":"cond-expr","locations":[{"start":{"line":32,"column":43},"end":{"line":32,"column":null}},{"start":{"line":32,"column":43},"end":{"line":32,"column":null}}]},"1":{"loc":{"start":{"line":32,"column":31},"end":{"line":32,"column":43}},"type":"binary-expr","locations":[{"start":{"line":32,"column":31},"end":{"line":32,"column":null}},{"start":{"line":32,"column":31},"end":{"line":32,"column":43}}]},"2":{"loc":{"start":{"line":21,"column":44},"end":{"line":21,"column":58}},"type":"cond-expr","locations":[{"start":{"line":21,"column":55},"end":{"line":21,"column":58}},{"start":{"line":21,"column":55},"end":{"line":21,"column":58}}]},"3":{"loc":{"start":{"line":21,"column":44},"end":{"line":21,"column":55}},"type":"binary-expr","locations":[{"start":{"line":21,"column":44},"end":{"line":21,"column":58}},{"start":{"line":21,"column":44},"end":{"line":21,"column":55}}]}},"s":{"0":6,"1":6,"2":6,"3":6,"4":6,"5":6,"6":6,"7":6,"8":4,"9":1,"10":2,"11":1,"12":1,"13":1,"14":0,"15":2,"16":6,"17":6,"18":6,"19":6,"20":6,"21":6,"22":6,"23":6,"24":6,"25":6},"f":{"0":6,"1":4,"2":1,"3":2,"4":1,"5":1,"6":1,"7":0,"8":2},"b":{"0":[6,0],"1":[6,6],"2":[6,0],"3":[6,6]}}
,"C:\\Users\\Aleja\\Desktop\\Nest_AreaTrabajo\\TNestJSCompunetIII\\src\\bets\\bets.service.ts": {"path":"C:\\Users\\Aleja\\Desktop\\Nest_AreaTrabajo\\TNestJSCompunetIII\\src\\bets\\bets.service.ts","statementMap":{"0":{"start":{"line":1,"column":0},"end":{"line":1,"column":null}},"1":{"start":{"line":6,"column":0},"end":{"line":6,"column":51}},"2":{"start":{"line":7,"column":0},"end":{"line":7,"column":37}},"3":{"start":{"line":8,"column":0},"end":{"line":8,"column":55}},"4":{"start":{"line":10,"column":0},"end":{"line":10,"column":54}},"5":{"start":{"line":11,"column":0},"end":{"line":11,"column":57}},"6":{"start":{"line":12,"column":0},"end":{"line":12,"column":62}},"7":{"start":{"line":15,"column":7},"end":{"line":181,"column":null}},"8":{"start":{"line":18,"column":21},"end":{"line":18,"column":36}},"9":{"start":{"line":19,"column":21},"end":{"line":19,"column":35}},"10":{"start":{"line":20,"column":21},"end":{"line":20,"column":36}},"11":{"start":{"line":25,"column":17},"end":{"line":25,"column":69}},"12":{"start":{"line":27,"column":4},"end":{"line":31,"column":5}},"13":{"start":{"line":28,"column":6},"end":{"line":30,"column":8}},"14":{"start":{"line":34,"column":18},"end":{"line":34,"column":72}},"15":{"start":{"line":36,"column":4},"end":{"line":38,"column":5}},"16":{"start":{"line":37,"column":6},"end":{"line":37,"column":82}},"17":{"start":{"line":41,"column":27},"end":{"line":42,"column":null}},"18":{"start":{"line":42,"column":18},"end":{"line":42,"column":61}},"19":{"start":{"line":45,"column":4},"end":{"line":49,"column":5}},"20":{"start":{"line":46,"column":6},"end":{"line":48,"column":8}},"21":{"start":{"line":52,"column":4},"end":{"line":55,"column":6}},"22":{"start":{"line":58,"column":16},"end":{"line":66,"column":6}},"23":{"start":{"line":68,"column":4},"end":{"line":68,"column":46}},"24":{"start":{"line":72,"column":4},"end":{"line":75,"column":7}},"25":{"start":{"line":79,"column":16},"end":{"line":82,"column":6}},"26":{"start":{"line":84,"column":4},"end":{"line":86,"column":5}},"27":{"start":{"line":85,"column":6},"end":{"line":85,"column":74}},"28":{"start":{"line":88,"column":4},"end":{"line":88,"column":15}},"29":{"start":{"line":93,"column":4},"end":{"line":93,"column":44}},"30":{"start":{"line":95,"column":4},"end":{"line":99,"column":7}},"31":{"start":{"line":104,"column":4},"end":{"line":104,"column":46}},"32":{"start":{"line":106,"column":4},"end":{"line":110,"column":7}},"33":{"start":{"line":114,"column":18},"end":{"line":114,"column":59}},"34":{"start":{"line":116,"column":4},"end":{"line":118,"column":5}},"35":{"start":{"line":117,"column":6},"end":{"line":117,"column":91}},"36":{"start":{"line":120,"column":4},"end":{"line":122,"column":5}},"37":{"start":{"line":121,"column":6},"end":{"line":121,"column":86}},"38":{"start":{"line":125,"column":17},"end":{"line":128,"column":6}},"39":{"start":{"line":130,"column":4},"end":{"line":146,"column":5}},"40":{"start":{"line":131,"column":6},"end":{"line":143,"column":7}},"41":{"start":{"line":133,"column":23},"end":{"line":133,"column":60}},"42":{"start":{"line":134,"column":8},"end":{"line":134,"column":35}},"43":{"start":{"line":135,"column":8},"end":{"line":135,"column":28}},"44":{"start":{"line":138,"column":8},"end":{"line":138,"column":66}},"45":{"start":{"line":141,"column":8},"end":{"line":141,"column":36}},"46":{"start":{"line":142,"column":8},"end":{"line":142,"column":23}},"47":{"start":{"line":145,"column":6},"end":{"line":145,"column":41}},"48":{"start":{"line":150,"column":16},"end":{"line":150,"column":38}},"49":{"start":{"line":152,"column":4},"end":{"line":154,"column":5}},"50":{"start":{"line":153,"column":6},"end":{"line":153,"column":83}},"51":{"start":{"line":157,"column":4},"end":{"line":157,"column":74}},"52":{"start":{"line":159,"column":4},"end":{"line":159,"column":41}},"53":{"start":{"line":163,"column":17},"end":{"line":163,"column":46}},"54":{"start":{"line":165,"column":18},"end":{"line":177,"column":6}},"55":{"start":{"line":167,"column":38},"end":{"line":167,"column":68}},"56":{"start":{"line":168,"column":34},"end":{"line":168,"column":60}},"57":{"start":{"line":169,"column":35},"end":{"line":169,"column":62}},"58":{"start":{"line":170,"column":46},"end":{"line":170,"column":68}},"59":{"start":{"line":172,"column":23},"end":{"line":172,"column":49}},"60":{"start":{"line":173,"column":28},"end":{"line":173,"column":50}},"61":{"start":{"line":175,"column":23},"end":{"line":175,"column":50}},"62":{"start":{"line":176,"column":28},"end":{"line":176,"column":50}},"63":{"start":{"line":179,"column":4},"end":{"line":179,"column":17}},"64":{"start":{"line":15,"column":13},"end":{"line":15,"column":24}},"65":{"start":{"line":15,"column":13},"end":{"line":181,"column":null}}},"fnMap":{"0":{"name":"(anonymous_4)","decl":{"start":{"line":16,"column":2},"end":{"line":16,"column":null}},"loc":{"start":{"line":20,"column":49},"end":{"line":21,"column":6}}},"1":{"name":"(anonymous_5)","decl":{"start":{"line":23,"column":2},"end":{"line":23,"column":7}},"loc":{"start":{"line":23,"column":41},"end":{"line":69,"column":3}}},"2":{"name":"(anonymous_6)","decl":{"start":{"line":42,"column":6},"end":{"line":42,"column":7}},"loc":{"start":{"line":42,"column":18},"end":{"line":42,"column":61}}},"3":{"name":"(anonymous_7)","decl":{"start":{"line":71,"column":2},"end":{"line":71,"column":7}},"loc":{"start":{"line":71,"column":15},"end":{"line":76,"column":3}}},"4":{"name":"(anonymous_8)","decl":{"start":{"line":78,"column":2},"end":{"line":78,"column":7}},"loc":{"start":{"line":78,"column":26},"end":{"line":89,"column":3}}},"5":{"name":"(anonymous_9)","decl":{"start":{"line":91,"column":2},"end":{"line":91,"column":7}},"loc":{"start":{"line":91,"column":33},"end":{"line":100,"column":3}}},"6":{"name":"(anonymous_10)","decl":{"start":{"line":102,"column":2},"end":{"line":102,"column":7}},"loc":{"start":{"line":102,"column":35},"end":{"line":111,"column":3}}},"7":{"name":"(anonymous_11)","decl":{"start":{"line":113,"column":2},"end":{"line":113,"column":7}},"loc":{"start":{"line":113,"column":40},"end":{"line":147,"column":3}}},"8":{"name":"(anonymous_12)","decl":{"start":{"line":149,"column":2},"end":{"line":149,"column":7}},"loc":{"start":{"line":149,"column":25},"end":{"line":160,"column":3}}},"9":{"name":"(anonymous_13)","decl":{"start":{"line":162,"column":2},"end":{"line":162,"column":7}},"loc":{"start":{"line":162,"column":35},"end":{"line":180,"column":3}}},"10":{"name":"(anonymous_14)","decl":{"start":{"line":167,"column":31},"end":{"line":167,"column":32}},"loc":{"start":{"line":167,"column":38},"end":{"line":167,"column":68}}},"11":{"name":"(anonymous_15)","decl":{"start":{"line":168,"column":27},"end":{"line":168,"column":28}},"loc":{"start":{"line":168,"column":34},"end":{"line":168,"column":60}}},"12":{"name":"(anonymous_16)","decl":{"start":{"line":169,"column":28},"end":{"line":169,"column":29}},"loc":{"start":{"line":169,"column":35},"end":{"line":169,"column":62}}},"13":{"name":"(anonymous_17)","decl":{"start":{"line":170,"column":34},"end":{"line":170,"column":35}},"loc":{"start":{"line":170,"column":46},"end":{"line":170,"column":68}}},"14":{"name":"(anonymous_18)","decl":{"start":{"line":172,"column":16},"end":{"line":172,"column":17}},"loc":{"start":{"line":172,"column":23},"end":{"line":172,"column":49}}},"15":{"name":"(anonymous_19)","decl":{"start":{"line":173,"column":16},"end":{"line":173,"column":17}},"loc":{"start":{"line":173,"column":28},"end":{"line":173,"column":50}}},"16":{"name":"(anonymous_20)","decl":{"start":{"line":175,"column":16},"end":{"line":175,"column":17}},"loc":{"start":{"line":175,"column":23},"end":{"line":175,"column":50}}},"17":{"name":"(anonymous_21)","decl":{"start":{"line":176,"column":16},"end":{"line":176,"column":17}},"loc":{"start":{"line":176,"column":28},"end":{"line":176,"column":50}}}},"branchMap":{"0":{"loc":{"start":{"line":27,"column":4},"end":{"line":31,"column":5}},"type":"if","locations":[{"start":{"line":27,"column":4},"end":{"line":31,"column":5}},{"start":{},"end":{}}]},"1":{"loc":{"start":{"line":36,"column":4},"end":{"line":38,"column":5}},"type":"if","locations":[{"start":{"line":36,"column":4},"end":{"line":38,"column":5}},{"start":{},"end":{}}]},"2":{"loc":{"start":{"line":45,"column":4},"end":{"line":49,"column":5}},"type":"if","locations":[{"start":{"line":45,"column":4},"end":{"line":49,"column":5}},{"start":{},"end":{}}]},"3":{"loc":{"start":{"line":84,"column":4},"end":{"line":86,"column":5}},"type":"if","locations":[{"start":{"line":84,"column":4},"end":{"line":86,"column":5}},{"start":{},"end":{}}]},"4":{"loc":{"start":{"line":116,"column":4},"end":{"line":118,"column":5}},"type":"if","locations":[{"start":{"line":116,"column":4},"end":{"line":118,"column":5}},{"start":{},"end":{}}]},"5":{"loc":{"start":{"line":120,"column":4},"end":{"line":122,"column":5}},"type":"if","locations":[{"start":{"line":120,"column":4},"end":{"line":122,"column":5}},{"start":{},"end":{}}]},"6":{"loc":{"start":{"line":131,"column":6},"end":{"line":143,"column":7}},"type":"if","locations":[{"start":{"line":131,"column":6},"end":{"line":143,"column":7}},{"start":{"line":139,"column":13},"end":{"line":143,"column":7}}]},"7":{"loc":{"start":{"line":152,"column":4},"end":{"line":154,"column":5}},"type":"if","locations":[{"start":{"line":152,"column":4},"end":{"line":154,"column":5}},{"start":{},"end":{}}]},"8":{"loc":{"start":{"line":18,"column":36},"end":{"line":18,"column":51}},"type":"cond-expr","locations":[{"start":{"line":18,"column":46},"end":{"line":18,"column":51}},{"start":{"line":18,"column":46},"end":{"line":18,"column":51}}]},"9":{"loc":{"start":{"line":18,"column":36},"end":{"line":18,"column":46}},"type":"binary-expr","locations":[{"start":{"line":18,"column":36},"end":{"line":18,"column":51}},{"start":{"line":18,"column":36},"end":{"line":18,"column":46}}]},"10":{"loc":{"start":{"line":18,"column":46},"end":{"line":19,"column":null}},"type":"cond-expr","locations":[{"start":{"line":19,"column":47},"end":{"line":19,"column":null}},{"start":{"line":19,"column":47},"end":{"line":19,"column":null}}]},"11":{"loc":{"start":{"line":18,"column":46},"end":{"line":19,"column":47}},"type":"binary-expr","locations":[{"start":{"line":18,"column":46},"end":{"line":19,"column":null}},{"start":{"line":19,"column":35},"end":{"line":19,"column":47}}]},"12":{"loc":{"start":{"line":19,"column":47},"end":{"line":20,"column":null}},"type":"cond-expr","locations":[{"start":{"line":20,"column":49},"end":{"line":20,"column":null}},{"start":{"line":20,"column":49},"end":{"line":20,"column":null}}]},"13":{"loc":{"start":{"line":19,"column":47},"end":{"line":20,"column":49}},"type":"binary-expr","locations":[{"start":{"line":19,"column":47},"end":{"line":20,"column":null}},{"start":{"line":20,"column":36},"end":{"line":20,"column":49}}]}},"s":{"0":6,"1":6,"2":6,"3":6,"4":6,"5":6,"6":6,"7":6,"8":6,"9":6,"10":6,"11":4,"12":4,"13":1,"14":3,"15":2,"16":0,"17":2,"18":3,"19":2,"20":0,"21":2,"22":2,"23":2,"24":1,"25":4,"26":4,"27":2,"28":2,"29":2,"30":2,"31":1,"32":1,"33":0,"34":0,"35":0,"36":0,"37":0,"38":0,"39":0,"40":0,"41":0,"42":0,"43":0,"44":0,"45":0,"46":0,"47":0,"48":2,"49":1,"50":0,"51":1,"52":1,"53":1,"54":1,"55":1,"56":1,"57":1,"58":1,"59":1,"60":0,"61":1,"62":0,"63":1,"64":6,"65":6},"f":{"0":6,"1":4,"2":3,"3":1,"4":4,"5":2,"6":1,"7":0,"8":2,"9":1,"10":1,"11":1,"12":1,"13":1,"14":1,"15":0,"16":1,"17":0},"b":{"0":[1,3],"1":[0,2],"2":[0,2],"3":[2,2],"4":[0,0],"5":[0,0],"6":[0,0],"7":[0,1],"8":[6,0],"9":[6,6],"10":[6,0],"11":[6,6],"12":[6,0],"13":[6,6]}}
,"C:\\Users\\Aleja\\Desktop\\Nest_AreaTrabajo\\TNestJSCompunetIII\\src\\bets\\entities\\bet.entity.ts": {"path":"C:\\Users\\Aleja\\Desktop\\Nest_AreaTrabajo\\TNestJSCompunetIII\\src\\bets\\entities\\bet.entity.ts","statementMap":{"0":{"start":{"line":1,"column":0},"end":{"line":1,"column":null}},"1":{"start":{"line":9,"column":0},"end":{"line":9,"column":46}},"2":{"start":{"line":10,"column":0},"end":{"line":10,"column":55}},"3":{"start":{"line":11,"column":0},"end":{"line":11,"column":59}},"4":{"start":{"line":13,"column":0},"end":{"line":13,"column":null}},"5":{"start":{"line":14,"column":2},"end":{"line":14,"column":null}},"6":{"start":{"line":15,"column":2},"end":{"line":15,"column":null}},"7":{"start":{"line":16,"column":2},"end":{"line":16,"column":null}},"8":{"start":{"line":20,"column":7},"end":{"line":124,"column":null}},"9":{"start":{"line":20,"column":13},"end":{"line":20,"column":16}},"10":{"start":{"line":26,"column":2},"end":{"line":26,"column":null}},"11":{"start":{"line":37,"column":2},"end":{"line":37,"column":null}},"12":{"start":{"line":48,"column":2},"end":{"line":48,"column":null}},"13":{"start":{"line":60,"column":2},"end":{"line":60,"column":null}},"14":{"start":{"line":73,"column":2},"end":{"line":73,"column":null}},"15":{"start":{"line":86,"column":2},"end":{"line":86,"column":null}},"16":{"start":{"line":93,"column":2},"end":{"line":93,"column":null}},"17":{"start":{"line":101,"column":2},"end":{"line":101,"column":null}},"18":{"start":{"line":97,"column":16},"end":{"line":97,"column":20}},"19":{"start":{"line":99,"column":19},"end":{"line":99,"column":23}},"20":{"start":{"line":99,"column":35},"end":{"line":99,"column":44}},"21":{"start":{"line":108,"column":2},"end":{"line":108,"column":null}},"22":{"start":{"line":116,"column":2},"end":{"line":116,"column":null}},"23":{"start":{"line":112,"column":16},"end":{"line":112,"column":21}},"24":{"start":{"line":114,"column":19},"end":{"line":114,"column":24}},"25":{"start":{"line":114,"column":37},"end":{"line":114,"column":47}},"26":{"start":{"line":123,"column":2},"end":{"line":123,"column":null}},"27":{"start":{"line":20,"column":13},"end":{"line":124,"column":null}}},"fnMap":{"0":{"name":"(anonymous_2)","decl":{"start":{"line":13,"column":0},"end":{"line":13,"column":12}},"loc":{"start":{"line":13,"column":21},"end":{"line":17,"column":1}}},"1":{"name":"(anonymous_3)","decl":{"start":{"line":97,"column":10},"end":{"line":97,"column":13}},"loc":{"start":{"line":97,"column":16},"end":{"line":97,"column":20}}},"2":{"name":"(anonymous_4)","decl":{"start":{"line":99,"column":13},"end":{"line":99,"column":16}},"loc":{"start":{"line":99,"column":19},"end":{"line":99,"column":23}}},"3":{"name":"(anonymous_5)","decl":{"start":{"line":99,"column":25},"end":{"line":99,"column":26}},"loc":{"start":{"line":99,"column":35},"end":{"line":99,"column":44}}},"4":{"name":"(anonymous_6)","decl":{"start":{"line":112,"column":10},"end":{"line":112,"column":13}},"loc":{"start":{"line":112,"column":16},"end":{"line":112,"column":21}}},"5":{"name":"(anonymous_7)","decl":{"start":{"line":114,"column":13},"end":{"line":114,"column":16}},"loc":{"start":{"line":114,"column":19},"end":{"line":114,"column":24}}},"6":{"name":"(anonymous_8)","decl":{"start":{"line":114,"column":26},"end":{"line":114,"column":27}},"loc":{"start":{"line":114,"column":37},"end":{"line":114,"column":47}}}},"branchMap":{"0":{"loc":{"start":{"line":13,"column":12},"end":{"line":13,"column":null}},"type":"binary-expr","locations":[{"start":{"line":13,"column":12},"end":{"line":13,"column":21}},{"start":{"line":13,"column":21},"end":{"line":13,"column":null}}]},"1":{"loc":{"start":{"line":93,"column":13},"end":{"line":93,"column":18}},"type":"cond-expr","locations":[{"start":{"line":93,"column":17},"end":{"line":93,"column":18}},{"start":{"line":93,"column":17},"end":{"line":93,"column":18}}]},"2":{"loc":{"start":{"line":93,"column":13},"end":{"line":93,"column":17}},"type":"binary-expr","locations":[{"start":{"line":93,"column":13},"end":{"line":93,"column":18}},{"start":{"line":93,"column":13},"end":{"line":93,"column":17}}]},"3":{"loc":{"start":{"line":101,"column":8},"end":{"line":101,"column":13}},"type":"cond-expr","locations":[{"start":{"line":101,"column":12},"end":{"line":101,"column":13}},{"start":{"line":101,"column":12},"end":{"line":101,"column":13}}]},"4":{"loc":{"start":{"line":101,"column":8},"end":{"line":101,"column":12}},"type":"binary-expr","locations":[{"start":{"line":101,"column":8},"end":{"line":101,"column":13}},{"start":{"line":101,"column":8},"end":{"line":101,"column":12}}]},"5":{"loc":{"start":{"line":116,"column":9},"end":{"line":116,"column":15}},"type":"cond-expr","locations":[{"start":{"line":116,"column":14},"end":{"line":116,"column":15}},{"start":{"line":116,"column":14},"end":{"line":116,"column":15}}]},"6":{"loc":{"start":{"line":116,"column":9},"end":{"line":116,"column":14}},"type":"binary-expr","locations":[{"start":{"line":116,"column":9},"end":{"line":116,"column":15}},{"start":{"line":116,"column":9},"end":{"line":116,"column":14}}]}},"s":{"0":6,"1":6,"2":6,"3":6,"4":6,"5":6,"6":6,"7":6,"8":6,"9":6,"10":6,"11":6,"12":6,"13":6,"14":6,"15":6,"16":6,"17":6,"18":0,"19":6,"20":6,"21":6,"22":6,"23":0,"24":6,"25":6,"26":6,"27":6},"f":{"0":6,"1":0,"2":6,"3":6,"4":0,"5":6,"6":6},"b":{"0":[6,6],"1":[6,0],"2":[6,6],"3":[0,6],"4":[6,0],"5":[6,0],"6":[6,6]}}
,"C:\\Users\\Aleja\\Desktop\\Nest_AreaTrabajo\\TNestJSCompunetIII\\src\\events\\events.controller.ts": {"path":"C:\\Users\\Aleja\\Desktop\\Nest_AreaTrabajo\\TNestJSCompunetIII\\src\\events\\events.controller.ts","statementMap":{"0":{"start":{"line":1,"column":0},"end":{"line":1,"column":null}},"1":{"start":{"line":13,"column":0},"end":{"line":13,"column":94}},"2":{"start":{"line":14,"column":0},"end":{"line":14,"column":49}},"3":{"start":{"line":15,"column":0},"end":{"line":15,"column":56}},"4":{"start":{"line":16,"column":0},"end":{"line":16,"column":56}},"5":{"start":{"line":17,"column":0},"end":{"line":17,"column":54}},"6":{"start":{"line":18,"column":0},"end":{"line":18,"column":57}},"7":{"start":{"line":19,"column":0},"end":{"line":19,"column":54}},"8":{"start":{"line":23,"column":7},"end":{"line":113,"column":null}},"9":{"start":{"line":24,"column":31},"end":{"line":24,"column":46}},"10":{"start":{"line":36,"column":4},"end":{"line":36,"column":53}},"11":{"start":{"line":46,"column":4},"end":{"line":46,"column":40}},"12":{"start":{"line":53,"column":4},"end":{"line":53,"column":44}},"13":{"start":{"line":62,"column":4},"end":{"line":62,"column":42}},"14":{"start":{"line":79,"column":4},"end":{"line":79,"column":57}},"15":{"start":{"line":97,"column":4},"end":{"line":97,"column":60}},"16":{"start":{"line":111,"column":4},"end":{"line":111,"column":41}},"17":{"start":{"line":23,"column":13},"end":{"line":23,"column":29}},"18":{"start":{"line":35,"column":2},"end":{"line":37,"column":null}},"19":{"start":{"line":45,"column":2},"end":{"line":47,"column":null}},"20":{"start":{"line":52,"column":2},"end":{"line":54,"column":null}},"21":{"start":{"line":61,"column":2},"end":{"line":63,"column":null}},"22":{"start":{"line":75,"column":2},"end":{"line":80,"column":null}},"23":{"start":{"line":93,"column":2},"end":{"line":98,"column":null}},"24":{"start":{"line":110,"column":2},"end":{"line":112,"column":null}},"25":{"start":{"line":23,"column":13},"end":{"line":113,"column":null}}},"fnMap":{"0":{"name":"(anonymous_4)","decl":{"start":{"line":24,"column":2},"end":{"line":24,"column":31}},"loc":{"start":{"line":24,"column":59},"end":{"line":24,"column":63}}},"1":{"name":"(anonymous_5)","decl":{"start":{"line":35,"column":2},"end":{"line":35,"column":8}},"loc":{"start":{"line":35,"column":47},"end":{"line":37,"column":3}}},"2":{"name":"(anonymous_6)","decl":{"start":{"line":45,"column":2},"end":{"line":45,"column":9}},"loc":{"start":{"line":45,"column":9},"end":{"line":47,"column":3}}},"3":{"name":"(anonymous_7)","decl":{"start":{"line":52,"column":2},"end":{"line":52,"column":13}},"loc":{"start":{"line":52,"column":13},"end":{"line":54,"column":3}}},"4":{"name":"(anonymous_8)","decl":{"start":{"line":61,"column":2},"end":{"line":61,"column":9}},"loc":{"start":{"line":61,"column":48},"end":{"line":63,"column":3}}},"5":{"name":"(anonymous_9)","decl":{"start":{"line":75,"column":2},"end":{"line":75,"column":8}},"loc":{"start":{"line":77,"column":42},"end":{"line":80,"column":3}}},"6":{"name":"(anonymous_10)","decl":{"start":{"line":93,"column":2},"end":{"line":93,"column":12}},"loc":{"start":{"line":95,"column":40},"end":{"line":98,"column":3}}},"7":{"name":"(anonymous_11)","decl":{"start":{"line":110,"column":2},"end":{"line":110,"column":8}},"loc":{"start":{"line":110,"column":47},"end":{"line":112,"column":3}}}},"branchMap":{"0":{"loc":{"start":{"line":35,"column":33},"end":{"line":35,"column":null}},"type":"cond-expr","locations":[{"start":{"line":35,"column":47},"end":{"line":35,"column":null}},{"start":{"line":35,"column":47},"end":{"line":35,"column":null}}]},"1":{"loc":{"start":{"line":35,"column":33},"end":{"line":35,"column":47}},"type":"binary-expr","locations":[{"start":{"line":35,"column":33},"end":{"line":35,"column":null}},{"start":{"line":35,"column":33},"end":{"line":35,"column":47}}]},"2":{"loc":{"start":{"line":77,"column":28},"end":{"line":77,"column":null}},"type":"cond-expr","locations":[{"start":{"line":77,"column":42},"end":{"line":77,"column":null}},{"start":{"line":77,"column":42},"end":{"line":77,"column":null}}]},"3":{"loc":{"start":{"line":77,"column":28},"end":{"line":77,"column":42}},"type":"binary-expr","locations":[{"start":{"line":77,"column":28},"end":{"line":77,"column":null}},{"start":{"line":77,"column":28},"end":{"line":77,"column":42}}]},"4":{"loc":{"start":{"line":95,"column":27},"end":{"line":95,"column":null}},"type":"cond-expr","locations":[{"start":{"line":95,"column":40},"end":{"line":95,"column":null}},{"start":{"line":95,"column":40},"end":{"line":95,"column":null}}]},"5":{"loc":{"start":{"line":95,"column":27},"end":{"line":95,"column":40}},"type":"binary-expr","locations":[{"start":{"line":95,"column":27},"end":{"line":95,"column":null}},{"start":{"line":95,"column":27},"end":{"line":95,"column":40}}]},"6":{"loc":{"start":{"line":24,"column":46},"end":{"line":24,"column":62}},"type":"cond-expr","locations":[{"start":{"line":24,"column":59},"end":{"line":24,"column":62}},{"start":{"line":24,"column":59},"end":{"line":24,"column":62}}]},"7":{"loc":{"start":{"line":24,"column":46},"end":{"line":24,"column":59}},"type":"binary-expr","locations":[{"start":{"line":24,"column":46},"end":{"line":24,"column":62}},{"start":{"line":24,"column":46},"end":{"line":24,"column":59}}]}},"s":{"0":6,"1":6,"2":6,"3":6,"4":6,"5":6,"6":6,"7":6,"8":6,"9":6,"10":2,"11":1,"12":1,"13":2,"14":1,"15":1,"16":0,"17":6,"18":6,"19":6,"20":6,"21":6,"22":6,"23":6,"24":6,"25":6},"f":{"0":6,"1":2,"2":1,"3":1,"4":2,"5":1,"6":1,"7":0},"b":{"0":[6,0],"1":[6,6],"2":[6,0],"3":[6,6],"4":[6,0],"5":[6,6],"6":[6,0],"7":[6,6]}}
,"C:\\Users\\Aleja\\Desktop\\Nest_AreaTrabajo\\TNestJSCompunetIII\\src\\events\\events.service.ts": {"path":"C:\\Users\\Aleja\\Desktop\\Nest_AreaTrabajo\\TNestJSCompunetIII\\src\\events\\events.service.ts","statementMap":{"0":{"start":{"line":1,"column":0},"end":{"line":1,"column":null}},"1":{"start":{"line":6,"column":0},"end":{"line":6,"column":51}},"2":{"start":{"line":7,"column":0},"end":{"line":7,"column":37}},"3":{"start":{"line":8,"column":0},"end":{"line":8,"column":61}},"4":{"start":{"line":9,"column":0},"end":{"line":9,"column":61}},"5":{"start":{"line":15,"column":7},"end":{"line":137,"column":null}},"6":{"start":{"line":18,"column":21},"end":{"line":18,"column":38}},"7":{"start":{"line":20,"column":21},"end":{"line":20,"column":44}},"8":{"start":{"line":24,"column":18},"end":{"line":28,"column":6}},"9":{"start":{"line":30,"column":23},"end":{"line":30,"column":61}},"10":{"start":{"line":32,"column":20},"end":{"line":37,"column":null}},"11":{"start":{"line":33,"column":6},"end":{"line":37,"column":8}},"12":{"start":{"line":40,"column":4},"end":{"line":40,"column":51}},"13":{"start":{"line":42,"column":4},"end":{"line":42,"column":39}},"14":{"start":{"line":46,"column":4},"end":{"line":49,"column":7}},"15":{"start":{"line":53,"column":4},"end":{"line":57,"column":7}},"16":{"start":{"line":61,"column":18},"end":{"line":64,"column":6}},"17":{"start":{"line":66,"column":4},"end":{"line":68,"column":5}},"18":{"start":{"line":67,"column":6},"end":{"line":67,"column":73}},"19":{"start":{"line":70,"column":4},"end":{"line":70,"column":17}},"20":{"start":{"line":74,"column":18},"end":{"line":74,"column":40}},"21":{"start":{"line":76,"column":4},"end":{"line":78,"column":5}},"22":{"start":{"line":77,"column":6},"end":{"line":77,"column":79}},"23":{"start":{"line":80,"column":4},"end":{"line":80,"column":41}},"24":{"start":{"line":81,"column":4},"end":{"line":81,"column":43}},"25":{"start":{"line":83,"column":4},"end":{"line":83,"column":28}},"26":{"start":{"line":87,"column":18},"end":{"line":87,"column":40}},"27":{"start":{"line":88,"column":4},"end":{"line":88,"column":45}},"28":{"start":{"line":92,"column":18},"end":{"line":92,"column":40}},"29":{"start":{"line":94,"column":4},"end":{"line":96,"column":5}},"30":{"start":{"line":95,"column":6},"end":{"line":95,"column":65}},"31":{"start":{"line":98,"column":25},"end":{"line":99,"column":null}},"32":{"start":{"line":99,"column":18},"end":{"line":99,"column":59}},"33":{"start":{"line":102,"column":4},"end":{"line":106,"column":5}},"34":{"start":{"line":103,"column":6},"end":{"line":105,"column":8}},"35":{"start":{"line":108,"column":4},"end":{"line":108,"column":38}},"36":{"start":{"line":109,"column":4},"end":{"line":109,"column":50}},"37":{"start":{"line":111,"column":4},"end":{"line":111,"column":50}},"38":{"start":{"line":115,"column":19},"end":{"line":118,"column":6}},"39":{"start":{"line":120,"column":4},"end":{"line":122,"column":5}},"40":{"start":{"line":121,"column":6},"end":{"line":121,"column":79}},"41":{"start":{"line":124,"column":4},"end":{"line":124,"column":18}},"42":{"start":{"line":131,"column":19},"end":{"line":133,"column":6}},"43":{"start":{"line":135,"column":4},"end":{"line":135,"column":20}},"44":{"start":{"line":15,"column":13},"end":{"line":15,"column":26}},"45":{"start":{"line":15,"column":13},"end":{"line":137,"column":null}}},"fnMap":{"0":{"name":"(anonymous_4)","decl":{"start":{"line":16,"column":2},"end":{"line":16,"column":null}},"loc":{"start":{"line":20,"column":67},"end":{"line":21,"column":6}}},"1":{"name":"(anonymous_5)","decl":{"start":{"line":23,"column":2},"end":{"line":23,"column":7}},"loc":{"start":{"line":23,"column":45},"end":{"line":43,"column":3}}},"2":{"name":"(anonymous_6)","decl":{"start":{"line":32,"column":47},"end":{"line":32,"column":48}},"loc":{"start":{"line":33,"column":6},"end":{"line":37,"column":8}}},"3":{"name":"(anonymous_7)","decl":{"start":{"line":45,"column":2},"end":{"line":45,"column":7}},"loc":{"start":{"line":45,"column":15},"end":{"line":50,"column":3}}},"4":{"name":"(anonymous_8)","decl":{"start":{"line":52,"column":2},"end":{"line":52,"column":7}},"loc":{"start":{"line":52,"column":19},"end":{"line":58,"column":3}}},"5":{"name":"(anonymous_9)","decl":{"start":{"line":60,"column":2},"end":{"line":60,"column":7}},"loc":{"start":{"line":60,"column":26},"end":{"line":71,"column":3}}},"6":{"name":"(anonymous_10)","decl":{"start":{"line":73,"column":2},"end":{"line":73,"column":7}},"loc":{"start":{"line":73,"column":57},"end":{"line":84,"column":3}}},"7":{"name":"(anonymous_11)","decl":{"start":{"line":86,"column":2},"end":{"line":86,"column":7}},"loc":{"start":{"line":86,"column":25},"end":{"line":89,"column":3}}},"8":{"name":"(anonymous_12)","decl":{"start":{"line":91,"column":2},"end":{"line":91,"column":7}},"loc":{"start":{"line":91,"column":59},"end":{"line":112,"column":3}}},"9":{"name":"(anonymous_13)","decl":{"start":{"line":99,"column":6},"end":{"line":99,"column":7}},"loc":{"start":{"line":99,"column":18},"end":{"line":99,"column":59}}},"10":{"name":"(anonymous_14)","decl":{"start":{"line":114,"column":2},"end":{"line":114,"column":7}},"loc":{"start":{"line":114,"column":39},"end":{"line":125,"column":3}}},"11":{"name":"(anonymous_15)","decl":{"start":{"line":127,"column":2},"end":{"line":127,"column":7}},"loc":{"start":{"line":129,"column":20},"end":{"line":136,"column":3}}}},"branchMap":{"0":{"loc":{"start":{"line":66,"column":4},"end":{"line":68,"column":5}},"type":"if","locations":[{"start":{"line":66,"column":4},"end":{"line":68,"column":5}},{"start":{},"end":{}}]},"1":{"loc":{"start":{"line":76,"column":4},"end":{"line":78,"column":5}},"type":"if","locations":[{"start":{"line":76,"column":4},"end":{"line":78,"column":5}},{"start":{},"end":{}}]},"2":{"loc":{"start":{"line":94,"column":4},"end":{"line":96,"column":5}},"type":"if","locations":[{"start":{"line":94,"column":4},"end":{"line":96,"column":5}},{"start":{},"end":{}}]},"3":{"loc":{"start":{"line":102,"column":4},"end":{"line":106,"column":5}},"type":"if","locations":[{"start":{"line":102,"column":4},"end":{"line":106,"column":5}},{"start":{},"end":{}}]},"4":{"loc":{"start":{"line":120,"column":4},"end":{"line":122,"column":5}},"type":"if","locations":[{"start":{"line":120,"column":4},"end":{"line":122,"column":5}},{"start":{},"end":{}}]},"5":{"loc":{"start":{"line":18,"column":38},"end":{"line":18,"column":55}},"type":"cond-expr","locations":[{"start":{"line":18,"column":48},"end":{"line":18,"column":55}},{"start":{"line":18,"column":48},"end":{"line":18,"column":55}}]},"6":{"loc":{"start":{"line":18,"column":38},"end":{"line":18,"column":48}},"type":"binary-expr","locations":[{"start":{"line":18,"column":38},"end":{"line":18,"column":55}},{"start":{"line":18,"column":38},"end":{"line":18,"column":48}}]},"7":{"loc":{"start":{"line":18,"column":48},"end":{"line":20,"column":67}},"type":"cond-expr","locations":[{"start":{"line":20,"column":54},"end":{"line":20,"column":67}},{"start":{"line":20,"column":54},"end":{"line":20,"column":67}}]},"8":{"loc":{"start":{"line":18,"column":48},"end":{"line":20,"column":54}},"type":"binary-expr","locations":[{"start":{"line":18,"column":48},"end":{"line":20,"column":67}},{"start":{"line":20,"column":44},"end":{"line":20,"column":54}}]}},"s":{"0":6,"1":6,"2":6,"3":6,"4":6,"5":6,"6":6,"7":6,"8":2,"9":2,"10":2,"11":4,"12":2,"13":2,"14":1,"15":1,"16":11,"17":11,"18":2,"19":9,"20":1,"21":1,"22":0,"23":1,"24":1,"25":1,"26":0,"27":0,"28":1,"29":1,"30":0,"31":1,"32":1,"33":1,"34":0,"35":1,"36":1,"37":1,"38":0,"39":0,"40":0,"41":0,"42":0,"43":0,"44":6,"45":6},"f":{"0":6,"1":2,"2":4,"3":1,"4":1,"5":11,"6":1,"7":0,"8":1,"9":1,"10":0,"11":0},"b":{"0":[2,9],"1":[0,1],"2":[0,1],"3":[0,1],"4":[0,0],"5":[6,0],"6":[6,6],"7":[6,0],"8":[6,6]}}
,"C:\\Users\\Aleja\\Desktop\\Nest_AreaTrabajo\\TNestJSCompunetIII\\src\\events\\entities\\event-option.entity.ts": {"path":"C:\\Users\\Aleja\\Desktop\\Nest_AreaTrabajo\\TNestJSCompunetIII\\src\\events\\entities\\event-option.entity.ts","statementMap":{"0":{"start":{"line":1,"column":0},"end":{"line":1,"column":null}},"1":{"start":{"line":8,"column":0},"end":{"line":8,"column":46}},"2":{"start":{"line":9,"column":0},"end":{"line":9,"column":39}},"3":{"start":{"line":12,"column":7},"end":{"line":57,"column":null}},"4":{"start":{"line":12,"column":13},"end":{"line":12,"column":24}},"5":{"start":{"line":18,"column":2},"end":{"line":18,"column":null}},"6":{"start":{"line":29,"column":2},"end":{"line":29,"column":null}},"7":{"start":{"line":41,"column":2},"end":{"line":41,"column":null}},"8":{"start":{"line":49,"column":2},"end":{"line":49,"column":null}},"9":{"start":{"line":45,"column":16},"end":{"line":45,"column":21}},"10":{"start":{"line":47,"column":19},"end":{"line":47,"column":24}},"11":{"start":{"line":47,"column":37},"end":{"line":47,"column":50}},"12":{"start":{"line":56,"column":2},"end":{"line":56,"column":null}},"13":{"start":{"line":12,"column":13},"end":{"line":57,"column":null}}},"fnMap":{"0":{"name":"(anonymous_2)","decl":{"start":{"line":45,"column":10},"end":{"line":45,"column":13}},"loc":{"start":{"line":45,"column":16},"end":{"line":45,"column":21}}},"1":{"name":"(anonymous_3)","decl":{"start":{"line":47,"column":13},"end":{"line":47,"column":16}},"loc":{"start":{"line":47,"column":19},"end":{"line":47,"column":24}}},"2":{"name":"(anonymous_4)","decl":{"start":{"line":47,"column":26},"end":{"line":47,"column":27}},"loc":{"start":{"line":47,"column":37},"end":{"line":47,"column":50}}}},"branchMap":{"0":{"loc":{"start":{"line":49,"column":9},"end":{"line":49,"column":15}},"type":"cond-expr","locations":[{"start":{"line":49,"column":14},"end":{"line":49,"column":15}},{"start":{"line":49,"column":14},"end":{"line":49,"column":15}}]},"1":{"loc":{"start":{"line":49,"column":9},"end":{"line":49,"column":14}},"type":"binary-expr","locations":[{"start":{"line":49,"column":9},"end":{"line":49,"column":15}},{"start":{"line":49,"column":9},"end":{"line":49,"column":14}}]}},"s":{"0":6,"1":6,"2":6,"3":6,"4":6,"5":6,"6":6,"7":6,"8":6,"9":0,"10":6,"11":6,"12":6,"13":6},"f":{"0":0,"1":6,"2":6},"b":{"0":[0,6],"1":[6,0]}}
,"C:\\Users\\Aleja\\Desktop\\Nest_AreaTrabajo\\TNestJSCompunetIII\\src\\events\\entities\\event.entity.ts": {"path":"C:\\Users\\Aleja\\Desktop\\Nest_AreaTrabajo\\TNestJSCompunetIII\\src\\events\\entities\\event.entity.ts","statementMap":{"0":{"start":{"line":1,"column":0},"end":{"line":1,"column":null}},"1":{"start":{"line":9,"column":0},"end":{"line":9,"column":46}},"2":{"start":{"line":10,"column":0},"end":{"line":10,"column":52}},"3":{"start":{"line":11,"column":0},"end":{"line":11,"column":53}},"4":{"start":{"line":13,"column":0},"end":{"line":13,"column":null}},"5":{"start":{"line":14,"column":2},"end":{"line":14,"column":null}},"6":{"start":{"line":15,"column":2},"end":{"line":15,"column":null}},"7":{"start":{"line":19,"column":7},"end":{"line":100,"column":null}},"8":{"start":{"line":19,"column":13},"end":{"line":19,"column":18}},"9":{"start":{"line":25,"column":2},"end":{"line":25,"column":null}},"10":{"start":{"line":36,"column":2},"end":{"line":36,"column":null}},"11":{"start":{"line":47,"column":2},"end":{"line":47,"column":null}},"12":{"start":{"line":60,"column":2},"end":{"line":60,"column":null}},"13":{"start":{"line":71,"column":2},"end":{"line":71,"column":null}},"14":{"start":{"line":78,"column":2},"end":{"line":78,"column":null}},"15":{"start":{"line":85,"column":2},"end":{"line":85,"column":null}},"16":{"start":{"line":92,"column":2},"end":{"line":92,"column":null}},"17":{"start":{"line":89,"column":16},"end":{"line":89,"column":29}},"18":{"start":{"line":91,"column":19},"end":{"line":91,"column":30}},"19":{"start":{"line":91,"column":44},"end":{"line":91,"column":56}},"20":{"start":{"line":99,"column":2},"end":{"line":99,"column":null}},"21":{"start":{"line":96,"column":16},"end":{"line":96,"column":21}},"22":{"start":{"line":98,"column":19},"end":{"line":98,"column":22}},"23":{"start":{"line":98,"column":33},"end":{"line":98,"column":42}},"24":{"start":{"line":19,"column":13},"end":{"line":100,"column":null}}},"fnMap":{"0":{"name":"(anonymous_2)","decl":{"start":{"line":13,"column":0},"end":{"line":13,"column":12}},"loc":{"start":{"line":13,"column":23},"end":{"line":16,"column":1}}},"1":{"name":"(anonymous_3)","decl":{"start":{"line":89,"column":10},"end":{"line":89,"column":13}},"loc":{"start":{"line":89,"column":16},"end":{"line":89,"column":29}}},"2":{"name":"(anonymous_4)","decl":{"start":{"line":91,"column":13},"end":{"line":91,"column":16}},"loc":{"start":{"line":91,"column":19},"end":{"line":91,"column":30}}},"3":{"name":"(anonymous_5)","decl":{"start":{"line":91,"column":32},"end":{"line":91,"column":33}},"loc":{"start":{"line":91,"column":44},"end":{"line":91,"column":56}}},"4":{"name":"(anonymous_6)","decl":{"start":{"line":96,"column":10},"end":{"line":96,"column":13}},"loc":{"start":{"line":96,"column":16},"end":{"line":96,"column":21}}},"5":{"name":"(anonymous_7)","decl":{"start":{"line":98,"column":13},"end":{"line":98,"column":16}},"loc":{"start":{"line":98,"column":19},"end":{"line":98,"column":22}}},"6":{"name":"(anonymous_8)","decl":{"start":{"line":98,"column":24},"end":{"line":98,"column":25}},"loc":{"start":{"line":98,"column":33},"end":{"line":98,"column":42}}}},"branchMap":{"0":{"loc":{"start":{"line":13,"column":12},"end":{"line":13,"column":null}},"type":"binary-expr","locations":[{"start":{"line":13,"column":12},"end":{"line":13,"column":23}},{"start":{"line":13,"column":23},"end":{"line":13,"column":null}}]},"1":{"loc":{"start":{"line":78,"column":13},"end":{"line":78,"column":18}},"type":"cond-expr","locations":[{"start":{"line":78,"column":17},"end":{"line":78,"column":18}},{"start":{"line":78,"column":17},"end":{"line":78,"column":18}}]},"2":{"loc":{"start":{"line":78,"column":13},"end":{"line":78,"column":17}},"type":"binary-expr","locations":[{"start":{"line":78,"column":13},"end":{"line":78,"column":18}},{"start":{"line":78,"column":13},"end":{"line":78,"column":17}}]},"3":{"loc":{"start":{"line":85,"column":13},"end":{"line":85,"column":18}},"type":"cond-expr","locations":[{"start":{"line":85,"column":17},"end":{"line":85,"column":18}},{"start":{"line":85,"column":17},"end":{"line":85,"column":18}}]},"4":{"loc":{"start":{"line":85,"column":13},"end":{"line":85,"column":17}},"type":"binary-expr","locations":[{"start":{"line":85,"column":13},"end":{"line":85,"column":18}},{"start":{"line":85,"column":13},"end":{"line":85,"column":17}}]}},"s":{"0":6,"1":6,"2":6,"3":6,"4":6,"5":6,"6":6,"7":6,"8":6,"9":6,"10":6,"11":6,"12":6,"13":6,"14":6,"15":6,"16":6,"17":0,"18":6,"19":6,"20":6,"21":0,"22":6,"23":6,"24":6},"f":{"0":6,"1":0,"2":6,"3":6,"4":0,"5":6,"6":6},"b":{"0":[6,6],"1":[6,0],"2":[6,6],"3":[6,0],"4":[6,6]}}
,"C:\\Users\\Aleja\\Desktop\\Nest_AreaTrabajo\\TNestJSCompunetIII\\src\\seed\\seed.controller.ts": {"path":"C:\\Users\\Aleja\\Desktop\\Nest_AreaTrabajo\\TNestJSCompunetIII\\src\\seed\\seed.controller.ts","statementMap":{"0":{"start":{"line":1,"column":0},"end":{"line":1,"column":80}},"1":{"start":{"line":2,"column":0},"end":{"line":2,"column":69}},"2":{"start":{"line":3,"column":0},"end":{"line":3,"column":45}},"3":{"start":{"line":7,"column":7},"end":{"line":26,"column":null}},"4":{"start":{"line":8,"column":31},"end":{"line":8,"column":44}},"5":{"start":{"line":16,"column":4},"end":{"line":16,"column":44}},"6":{"start":{"line":24,"column":4},"end":{"line":24,"column":45}},"7":{"start":{"line":7,"column":13},"end":{"line":7,"column":27}},"8":{"start":{"line":15,"column":8},"end":{"line":17,"column":null}},"9":{"start":{"line":23,"column":8},"end":{"line":25,"column":null}},"10":{"start":{"line":7,"column":13},"end":{"line":26,"column":null}}},"fnMap":{"0":{"name":"(anonymous_2)","decl":{"start":{"line":8,"column":2},"end":{"line":8,"column":31}},"loc":{"start":{"line":8,"column":55},"end":{"line":8,"column":59}}},"1":{"name":"(anonymous_3)","decl":{"start":{"line":15,"column":8},"end":{"line":15,"column":19}},"loc":{"start":{"line":15,"column":19},"end":{"line":17,"column":3}}},"2":{"name":"(anonymous_4)","decl":{"start":{"line":23,"column":8},"end":{"line":23,"column":21}},"loc":{"start":{"line":23,"column":21},"end":{"line":25,"column":3}}}},"branchMap":{"0":{"loc":{"start":{"line":8,"column":44},"end":{"line":8,"column":58}},"type":"cond-expr","locations":[{"start":{"line":8,"column":55},"end":{"line":8,"column":58}},{"start":{"line":8,"column":55},"end":{"line":8,"column":58}}]},"1":{"loc":{"start":{"line":8,"column":44},"end":{"line":8,"column":55}},"type":"binary-expr","locations":[{"start":{"line":8,"column":44},"end":{"line":8,"column":58}},{"start":{"line":8,"column":44},"end":{"line":8,"column":55}}]}},"s":{"0":6,"1":6,"2":6,"3":6,"4":6,"5":8,"6":10,"7":6,"8":6,"9":6,"10":6},"f":{"0":6,"1":8,"2":10},"b":{"0":[6,0],"1":[6,6]}}
,"C:\\Users\\Aleja\\Desktop\\Nest_AreaTrabajo\\TNestJSCompunetIII\\src\\seed\\seed.service.ts": {"path":"C:\\Users\\Aleja\\Desktop\\Nest_AreaTrabajo\\TNestJSCompunetIII\\src\\seed\\seed.service.ts","statementMap":{"0":{"start":{"line":1,"column":0},"end":{"line":1,"column":44}},"1":{"start":{"line":2,"column":0},"end":{"line":2,"column":51}},"2":{"start":{"line":3,"column":0},"end":{"line":3,"column":37}},"3":{"start":{"line":4,"column":0},"end":{"line":4,"column":33}},"4":{"start":{"line":5,"column":0},"end":{"line":5,"column":52}},"5":{"start":{"line":6,"column":0},"end":{"line":6,"column":56}},"6":{"start":{"line":7,"column":0},"end":{"line":7,"column":69}},"7":{"start":{"line":8,"column":0},"end":{"line":8,"column":50}},"8":{"start":{"line":11,"column":0},"end":{"line":11,"column":44}},"9":{"start":{"line":14,"column":7},"end":{"line":130,"column":null}},"10":{"start":{"line":17,"column":21},"end":{"line":17,"column":37}},"11":{"start":{"line":19,"column":21},"end":{"line":19,"column":38}},"12":{"start":{"line":21,"column":21},"end":{"line":21,"column":44}},"13":{"start":{"line":23,"column":21},"end":{"line":23,"column":36}},"14":{"start":{"line":27,"column":4},"end":{"line":35,"column":5}},"15":{"start":{"line":28,"column":6},"end":{"line":28,"column":29}},"16":{"start":{"line":29,"column":6},"end":{"line":29,"column":30}},"17":{"start":{"line":30,"column":6},"end":{"line":30,"column":28}},"18":{"start":{"line":32,"column":6},"end":{"line":32,"column":57}},"19":{"start":{"line":34,"column":6},"end":{"line":34,"column":18}},"20":{"start":{"line":39,"column":23},"end":{"line":39,"column":25}},"21":{"start":{"line":40,"column":27},"end":{"line":40,"column":71}},"22":{"start":{"line":42,"column":4},"end":{"line":57,"column":5}},"23":{"start":{"line":43,"column":27},"end":{"line":45,"column":8}},"24":{"start":{"line":47,"column":6},"end":{"line":56,"column":7}},"25":{"start":{"line":48,"column":21},"end":{"line":54,"column":10}},"26":{"start":{"line":55,"column":8},"end":{"line":55,"column":45}},"27":{"start":{"line":61,"column":4},"end":{"line":84,"column":5}},"28":{"start":{"line":62,"column":28},"end":{"line":64,"column":8}},"29":{"start":{"line":66,"column":6},"end":{"line":83,"column":7}},"30":{"start":{"line":67,"column":22},"end":{"line":71,"column":10}},"31":{"start":{"line":72,"column":27},"end":{"line":72,"column":65}},"32":{"start":{"line":75,"column":8},"end":{"line":82,"column":9}},"33":{"start":{"line":76,"column":25},"end":{"line":80,"column":12}},"34":{"start":{"line":81,"column":10},"end":{"line":81,"column":56}},"35":{"start":{"line":88,"column":18},"end":{"line":88,"column":50}},"36":{"start":{"line":89,"column":19},"end":{"line":89,"column":78}},"37":{"start":{"line":91,"column":4},"end":{"line":93,"column":5}},"38":{"start":{"line":92,"column":6},"end":{"line":92,"column":13}},"39":{"start":{"line":95,"column":4},"end":{"line":115,"column":5}},"40":{"start":{"line":96,"column":19},"end":{"line":96,"column":69}},"41":{"start":{"line":96,"column":37},"end":{"line":96,"column":68}},"42":{"start":{"line":97,"column":20},"end":{"line":97,"column":68}},"43":{"start":{"line":97,"column":39},"end":{"line":97,"column":67}},"44":{"start":{"line":99,"column":6},"end":{"line":114,"column":7}},"45":{"start":{"line":100,"column":23},"end":{"line":100,"column":83}},"46":{"start":{"line":100,"column":49},"end":{"line":100,"column":82}},"47":{"start":{"line":102,"column":8},"end":{"line":113,"column":9}},"48":{"start":{"line":103,"column":22},"end":{"line":111,"column":12}},"49":{"start":{"line":112,"column":10},"end":{"line":112,"column":45}},"50":{"start":{"line":119,"column":4},"end":{"line":128,"column":5}},"51":{"start":{"line":120,"column":6},"end":{"line":120,"column":68}},"52":{"start":{"line":121,"column":6},"end":{"line":121,"column":85}},"53":{"start":{"line":122,"column":6},"end":{"line":122,"column":72}},"54":{"start":{"line":123,"column":6},"end":{"line":123,"column":70}},"55":{"start":{"line":125,"column":6},"end":{"line":125,"column":67}},"56":{"start":{"line":127,"column":6},"end":{"line":127,"column":18}},"57":{"start":{"line":14,"column":13},"end":{"line":14,"column":24}},"58":{"start":{"line":14,"column":13},"end":{"line":130,"column":null}}},"fnMap":{"0":{"name":"(anonymous_13)","decl":{"start":{"line":15,"column":2},"end":{"line":15,"column":null}},"loc":{"start":{"line":23,"column":51},"end":{"line":24,"column":6}}},"1":{"name":"(anonymous_14)","decl":{"start":{"line":26,"column":2},"end":{"line":26,"column":7}},"loc":{"start":{"line":26,"column":15},"end":{"line":36,"column":3}}},"2":{"name":"(anonymous_15)","decl":{"start":{"line":38,"column":2},"end":{"line":38,"column":7}},"loc":{"start":{"line":38,"column":17},"end":{"line":58,"column":3}}},"3":{"name":"(anonymous_16)","decl":{"start":{"line":60,"column":2},"end":{"line":60,"column":7}},"loc":{"start":{"line":60,"column":18},"end":{"line":85,"column":3}}},"4":{"name":"(anonymous_17)","decl":{"start":{"line":87,"column":2},"end":{"line":87,"column":7}},"loc":{"start":{"line":87,"column":16},"end":{"line":116,"column":3}}},"5":{"name":"(anonymous_18)","decl":{"start":{"line":96,"column":30},"end":{"line":96,"column":31}},"loc":{"start":{"line":96,"column":37},"end":{"line":96,"column":68}}},"6":{"name":"(anonymous_19)","decl":{"start":{"line":97,"column":32},"end":{"line":97,"column":33}},"loc":{"start":{"line":97,"column":39},"end":{"line":97,"column":67}}},"7":{"name":"(anonymous_20)","decl":{"start":{"line":100,"column":42},"end":{"line":100,"column":43}},"loc":{"start":{"line":100,"column":49},"end":{"line":100,"column":82}}},"8":{"name":"(anonymous_21)","decl":{"start":{"line":118,"column":2},"end":{"line":118,"column":7}},"loc":{"start":{"line":118,"column":16},"end":{"line":129,"column":3}}}},"branchMap":{"0":{"loc":{"start":{"line":47,"column":6},"end":{"line":56,"column":7}},"type":"if","locations":[{"start":{"line":47,"column":6},"end":{"line":56,"column":7}},{"start":{},"end":{}}]},"1":{"loc":{"start":{"line":66,"column":6},"end":{"line":83,"column":7}},"type":"if","locations":[{"start":{"line":66,"column":6},"end":{"line":83,"column":7}},{"start":{},"end":{}}]},"2":{"loc":{"start":{"line":91,"column":4},"end":{"line":93,"column":5}},"type":"if","locations":[{"start":{"line":91,"column":4},"end":{"line":93,"column":5}},{"start":{},"end":{}}]},"3":{"loc":{"start":{"line":91,"column":8},"end":{"line":91,"column":49}},"type":"binary-expr","locations":[{"start":{"line":91,"column":8},"end":{"line":91,"column":26}},{"start":{"line":91,"column":30},"end":{"line":91,"column":49}}]},"4":{"loc":{"start":{"line":99,"column":6},"end":{"line":114,"column":7}},"type":"if","locations":[{"start":{"line":99,"column":6},"end":{"line":114,"column":7}},{"start":{},"end":{}}]},"5":{"loc":{"start":{"line":99,"column":10},"end":{"line":99,"column":23}},"type":"binary-expr","locations":[{"start":{"line":99,"column":10},"end":{"line":99,"column":14}},{"start":{"line":99,"column":18},"end":{"line":99,"column":23}}]},"6":{"loc":{"start":{"line":102,"column":8},"end":{"line":113,"column":9}},"type":"if","locations":[{"start":{"line":102,"column":8},"end":{"line":113,"column":9}},{"start":{},"end":{}}]},"7":{"loc":{"start":{"line":17,"column":37},"end":{"line":17,"column":53}},"type":"cond-expr","locations":[{"start":{"line":17,"column":47},"end":{"line":17,"column":53}},{"start":{"line":17,"column":47},"end":{"line":17,"column":53}}]},"8":{"loc":{"start":{"line":17,"column":37},"end":{"line":17,"column":47}},"type":"binary-expr","locations":[{"start":{"line":17,"column":37},"end":{"line":17,"column":53}},{"start":{"line":17,"column":37},"end":{"line":17,"column":47}}]},"9":{"loc":{"start":{"line":17,"column":47},"end":{"line":19,"column":55}},"type":"cond-expr","locations":[{"start":{"line":19,"column":48},"end":{"line":19,"column":55}},{"start":{"line":19,"column":48},"end":{"line":19,"column":55}}]},"10":{"loc":{"start":{"line":17,"column":47},"end":{"line":19,"column":48}},"type":"binary-expr","locations":[{"start":{"line":17,"column":47},"end":{"line":19,"column":55}},{"start":{"line":19,"column":38},"end":{"line":19,"column":48}}]},"11":{"loc":{"start":{"line":19,"column":48},"end":{"line":21,"column":67}},"type":"cond-expr","locations":[{"start":{"line":21,"column":54},"end":{"line":21,"column":67}},{"start":{"line":21,"column":54},"end":{"line":21,"column":67}}]},"12":{"loc":{"start":{"line":19,"column":48},"end":{"line":21,"column":54}},"type":"binary-expr","locations":[{"start":{"line":19,"column":48},"end":{"line":21,"column":67}},{"start":{"line":21,"column":44},"end":{"line":21,"column":54}}]},"13":{"loc":{"start":{"line":21,"column":54},"end":{"line":23,"column":51}},"type":"cond-expr","locations":[{"start":{"line":23,"column":46},"end":{"line":23,"column":51}},{"start":{"line":23,"column":46},"end":{"line":23,"column":51}}]},"14":{"loc":{"start":{"line":21,"column":54},"end":{"line":23,"column":46}},"type":"binary-expr","locations":[{"start":{"line":21,"column":54},"end":{"line":23,"column":51}},{"start":{"line":23,"column":36},"end":{"line":23,"column":46}}]}},"s":{"0":6,"1":6,"2":6,"3":6,"4":6,"5":6,"6":6,"7":6,"8":6,"9":6,"10":6,"11":6,"12":6,"13":6,"14":8,"15":8,"16":8,"17":8,"18":8,"19":0,"20":8,"21":8,"22":8,"23":32,"24":32,"25":28,"26":28,"27":8,"28":48,"29":48,"30":42,"31":42,"32":42,"33":105,"34":105,"35":8,"36":8,"37":8,"38":0,"39":8,"40":64,"41":184,"42":64,"43":176,"44":64,"45":64,"46":100,"47":64,"48":64,"49":64,"50":10,"51":10,"52":10,"53":10,"54":10,"55":10,"56":0,"57":6,"58":6},"f":{"0":6,"1":8,"2":8,"3":8,"4":8,"5":184,"6":176,"7":100,"8":10},"b":{"0":[28,4],"1":[42,6],"2":[0,8],"3":[8,8],"4":[64,0],"5":[64,64],"6":[64,0],"7":[6,0],"8":[6,6],"9":[6,0],"10":[6,6],"11":[6,0],"12":[6,6],"13":[6,0],"14":[6,6]}}
,"C:\\Users\\Aleja\\Desktop\\Nest_AreaTrabajo\\TNestJSCompunetIII\\src\\seed\\data\\seed-data.ts": {"path":"C:\\Users\\Aleja\\Desktop\\Nest_AreaTrabajo\\TNestJSCompunetIII\\src\\seed\\data\\seed-data.ts","statementMap":{"0":{"start":{"line":1,"column":0},"end":{"line":1,"column":65}},"1":{"start":{"line":2,"column":0},"end":{"line":2,"column":59}},"2":{"start":{"line":4,"column":13},"end":{"line":167,"column":2}}},"fnMap":{},"branchMap":{},"s":{"0":6,"1":6,"2":6},"f":{},"b":{}}
,"C:\\Users\\Aleja\\Desktop\\Nest_AreaTrabajo\\TNestJSCompunetIII\\src\\users\\users.controller.ts": {"path":"C:\\Users\\Aleja\\Desktop\\Nest_AreaTrabajo\\TNestJSCompunetIII\\src\\users\\users.controller.ts","statementMap":{"0":{"start":{"line":1,"column":0},"end":{"line":1,"column":null}},"1":{"start":{"line":13,"column":0},"end":{"line":13,"column":94}},"2":{"start":{"line":14,"column":0},"end":{"line":14,"column":47}},"3":{"start":{"line":15,"column":0},"end":{"line":15,"column":54}},"4":{"start":{"line":16,"column":0},"end":{"line":16,"column":54}},"5":{"start":{"line":17,"column":0},"end":{"line":17,"column":57}},"6":{"start":{"line":18,"column":0},"end":{"line":18,"column":54}},"7":{"start":{"line":22,"column":7},"end":{"line":112,"column":null}},"8":{"start":{"line":23,"column":31},"end":{"line":23,"column":45}},"9":{"start":{"line":32,"column":4},"end":{"line":32,"column":51}},"10":{"start":{"line":43,"column":4},"end":{"line":43,"column":39}},"11":{"start":{"line":55,"column":4},"end":{"line":55,"column":41}},"12":{"start":{"line":67,"column":4},"end":{"line":67,"column":48}},"13":{"start":{"line":80,"column":4},"end":{"line":80,"column":54}},"14":{"start":{"line":96,"column":4},"end":{"line":96,"column":55}},"15":{"start":{"line":110,"column":4},"end":{"line":110,"column":40}},"16":{"start":{"line":22,"column":13},"end":{"line":22,"column":28}},"17":{"start":{"line":31,"column":2},"end":{"line":33,"column":null}},"18":{"start":{"line":42,"column":2},"end":{"line":44,"column":null}},"19":{"start":{"line":54,"column":2},"end":{"line":56,"column":null}},"20":{"start":{"line":66,"column":2},"end":{"line":68,"column":null}},"21":{"start":{"line":79,"column":2},"end":{"line":81,"column":null}},"22":{"start":{"line":92,"column":2},"end":{"line":97,"column":null}},"23":{"start":{"line":109,"column":2},"end":{"line":111,"column":null}},"24":{"start":{"line":22,"column":13},"end":{"line":112,"column":null}}},"fnMap":{"0":{"name":"(anonymous_4)","decl":{"start":{"line":23,"column":2},"end":{"line":23,"column":31}},"loc":{"start":{"line":23,"column":57},"end":{"line":23,"column":61}}},"1":{"name":"(anonymous_5)","decl":{"start":{"line":31,"column":2},"end":{"line":31,"column":8}},"loc":{"start":{"line":31,"column":45},"end":{"line":33,"column":3}}},"2":{"name":"(anonymous_6)","decl":{"start":{"line":42,"column":2},"end":{"line":42,"column":9}},"loc":{"start":{"line":42,"column":9},"end":{"line":44,"column":3}}},"3":{"name":"(anonymous_7)","decl":{"start":{"line":54,"column":2},"end":{"line":54,"column":9}},"loc":{"start":{"line":54,"column":48},"end":{"line":56,"column":3}}},"4":{"name":"(anonymous_8)","decl":{"start":{"line":66,"column":2},"end":{"line":66,"column":16}},"loc":{"start":{"line":66,"column":55},"end":{"line":68,"column":3}}},"5":{"name":"(anonymous_9)","decl":{"start":{"line":79,"column":2},"end":{"line":79,"column":16}},"loc":{"start":{"line":79,"column":52},"end":{"line":81,"column":3}}},"6":{"name":"(anonymous_10)","decl":{"start":{"line":92,"column":2},"end":{"line":92,"column":8}},"loc":{"start":{"line":94,"column":40},"end":{"line":97,"column":3}}},"7":{"name":"(anonymous_11)","decl":{"start":{"line":109,"column":2},"end":{"line":109,"column":8}},"loc":{"start":{"line":109,"column":47},"end":{"line":111,"column":3}}}},"branchMap":{"0":{"loc":{"start":{"line":31,"column":32},"end":{"line":31,"column":null}},"type":"cond-expr","locations":[{"start":{"line":31,"column":45},"end":{"line":31,"column":null}},{"start":{"line":31,"column":45},"end":{"line":31,"column":null}}]},"1":{"loc":{"start":{"line":31,"column":32},"end":{"line":31,"column":45}},"type":"binary-expr","locations":[{"start":{"line":31,"column":32},"end":{"line":31,"column":null}},{"start":{"line":31,"column":32},"end":{"line":31,"column":45}}]},"2":{"loc":{"start":{"line":94,"column":27},"end":{"line":94,"column":null}},"type":"cond-expr","locations":[{"start":{"line":94,"column":40},"end":{"line":94,"column":null}},{"start":{"line":94,"column":40},"end":{"line":94,"column":null}}]},"3":{"loc":{"start":{"line":94,"column":27},"end":{"line":94,"column":40}},"type":"binary-expr","locations":[{"start":{"line":94,"column":27},"end":{"line":94,"column":null}},{"start":{"line":94,"column":27},"end":{"line":94,"column":40}}]},"4":{"loc":{"start":{"line":23,"column":45},"end":{"line":23,"column":60}},"type":"cond-expr","locations":[{"start":{"line":23,"column":57},"end":{"line":23,"column":60}},{"start":{"line":23,"column":57},"end":{"line":23,"column":60}}]},"5":{"loc":{"start":{"line":23,"column":45},"end":{"line":23,"column":57}},"type":"binary-expr","locations":[{"start":{"line":23,"column":45},"end":{"line":23,"column":60}},{"start":{"line":23,"column":45},"end":{"line":23,"column":57}}]}},"s":{"0":6,"1":6,"2":6,"3":6,"4":6,"5":6,"6":6,"7":6,"8":6,"9":3,"10":1,"11":1,"12":1,"13":2,"14":1,"15":1,"16":6,"17":6,"18":6,"19":6,"20":6,"21":6,"22":6,"23":6,"24":6},"f":{"0":6,"1":3,"2":1,"3":1,"4":1,"5":2,"6":1,"7":1},"b":{"0":[6,0],"1":[6,6],"2":[6,0],"3":[6,6],"4":[6,0],"5":[6,6]}}
,"C:\\Users\\Aleja\\Desktop\\Nest_AreaTrabajo\\TNestJSCompunetIII\\src\\users\\users.service.ts": {"path":"C:\\Users\\Aleja\\Desktop\\Nest_AreaTrabajo\\TNestJSCompunetIII\\src\\users\\users.service.ts","statementMap":{"0":{"start":{"line":1,"column":0},"end":{"line":1,"column":null}},"1":{"start":{"line":7,"column":0},"end":{"line":7,"column":51}},"2":{"start":{"line":8,"column":0},"end":{"line":8,"column":37}},"3":{"start":{"line":9,"column":0},"end":{"line":9,"column":33}},"4":{"start":{"line":10,"column":0},"end":{"line":10,"column":52}},"5":{"start":{"line":15,"column":7},"end":{"line":121,"column":null}},"6":{"start":{"line":18,"column":21},"end":{"line":18,"column":37}},"7":{"start":{"line":22,"column":4},"end":{"line":48,"column":5}},"8":{"start":{"line":23,"column":27},"end":{"line":25,"column":8}},"9":{"start":{"line":27,"column":6},"end":{"line":29,"column":7}},"10":{"start":{"line":28,"column":8},"end":{"line":28,"column":103}},"11":{"start":{"line":32,"column":25},"end":{"line":32,"column":27}},"12":{"start":{"line":33,"column":29},"end":{"line":33,"column":82}},"13":{"start":{"line":35,"column":19},"end":{"line":40,"column":8}},"14":{"start":{"line":42,"column":6},"end":{"line":42,"column":50}},"15":{"start":{"line":44,"column":6},"end":{"line":46,"column":7}},"16":{"start":{"line":45,"column":8},"end":{"line":45,"column":20}},"17":{"start":{"line":47,"column":6},"end":{"line":47,"column":65}},"18":{"start":{"line":52,"column":4},"end":{"line":55,"column":7}},"19":{"start":{"line":59,"column":17},"end":{"line":62,"column":6}},"20":{"start":{"line":64,"column":4},"end":{"line":66,"column":5}},"21":{"start":{"line":65,"column":6},"end":{"line":65,"column":74}},"22":{"start":{"line":68,"column":4},"end":{"line":68,"column":16}},"23":{"start":{"line":72,"column":17},"end":{"line":75,"column":6}},"24":{"start":{"line":77,"column":4},"end":{"line":79,"column":5}},"25":{"start":{"line":78,"column":6},"end":{"line":78,"column":73}},"26":{"start":{"line":81,"column":4},"end":{"line":81,"column":16}},"27":{"start":{"line":85,"column":17},"end":{"line":85,"column":39}},"28":{"start":{"line":87,"column":4},"end":{"line":95,"column":5}},"29":{"start":{"line":88,"column":27},"end":{"line":90,"column":8}},"30":{"start":{"line":92,"column":6},"end":{"line":94,"column":7}},"31":{"start":{"line":93,"column":8},"end":{"line":93,"column":103}},"32":{"start":{"line":97,"column":4},"end":{"line":97,"column":39}},"33":{"start":{"line":98,"column":4},"end":{"line":98,"column":48}},"34":{"start":{"line":102,"column":17},"end":{"line":102,"column":39}},"35":{"start":{"line":103,"column":4},"end":{"line":103,"column":43}},"36":{"start":{"line":107,"column":17},"end":{"line":107,"column":39}},"37":{"start":{"line":109,"column":4},"end":{"line":111,"column":5}},"38":{"start":{"line":110,"column":6},"end":{"line":110,"column":58}},"39":{"start":{"line":113,"column":4},"end":{"line":113,"column":49}},"40":{"start":{"line":114,"column":4},"end":{"line":114,"column":48}},"41":{"start":{"line":118,"column":17},"end":{"line":118,"column":39}},"42":{"start":{"line":119,"column":4},"end":{"line":119,"column":45}},"43":{"start":{"line":15,"column":13},"end":{"line":15,"column":25}},"44":{"start":{"line":15,"column":13},"end":{"line":121,"column":null}}},"fnMap":{"0":{"name":"(anonymous_13)","decl":{"start":{"line":16,"column":2},"end":{"line":16,"column":null}},"loc":{"start":{"line":18,"column":53},"end":{"line":19,"column":6}}},"1":{"name":"(anonymous_14)","decl":{"start":{"line":21,"column":2},"end":{"line":21,"column":7}},"loc":{"start":{"line":21,"column":43},"end":{"line":49,"column":3}}},"2":{"name":"(anonymous_15)","decl":{"start":{"line":51,"column":2},"end":{"line":51,"column":7}},"loc":{"start":{"line":51,"column":15},"end":{"line":56,"column":3}}},"3":{"name":"(anonymous_16)","decl":{"start":{"line":58,"column":2},"end":{"line":58,"column":7}},"loc":{"start":{"line":58,"column":26},"end":{"line":69,"column":3}}},"4":{"name":"(anonymous_17)","decl":{"start":{"line":71,"column":2},"end":{"line":71,"column":7}},"loc":{"start":{"line":71,"column":39},"end":{"line":82,"column":3}}},"5":{"name":"(anonymous_18)","decl":{"start":{"line":84,"column":2},"end":{"line":84,"column":7}},"loc":{"start":{"line":84,"column":55},"end":{"line":99,"column":3}}},"6":{"name":"(anonymous_19)","decl":{"start":{"line":101,"column":2},"end":{"line":101,"column":7}},"loc":{"start":{"line":101,"column":25},"end":{"line":104,"column":3}}},"7":{"name":"(anonymous_20)","decl":{"start":{"line":106,"column":2},"end":{"line":106,"column":7}},"loc":{"start":{"line":106,"column":48},"end":{"line":115,"column":3}}},"8":{"name":"(anonymous_21)","decl":{"start":{"line":117,"column":2},"end":{"line":117,"column":7}},"loc":{"start":{"line":117,"column":33},"end":{"line":120,"column":3}}}},"branchMap":{"0":{"loc":{"start":{"line":27,"column":6},"end":{"line":29,"column":7}},"type":"if","locations":[{"start":{"line":27,"column":6},"end":{"line":29,"column":7}},{"start":{},"end":{}}]},"1":{"loc":{"start":{"line":38,"column":15},"end":{"line":38,"column":46}},"type":"binary-expr","locations":[{"start":{"line":38,"column":15},"end":{"line":38,"column":34}},{"start":{"line":38,"column":38},"end":{"line":38,"column":46}}]},"2":{"loc":{"start":{"line":39,"column":17},"end":{"line":39,"column":47}},"type":"binary-expr","locations":[{"start":{"line":39,"column":17},"end":{"line":39,"column":38}},{"start":{"line":39,"column":42},"end":{"line":39,"column":47}}]},"3":{"loc":{"start":{"line":44,"column":6},"end":{"line":46,"column":7}},"type":"if","locations":[{"start":{"line":44,"column":6},"end":{"line":46,"column":7}},{"start":{},"end":{}}]},"4":{"loc":{"start":{"line":64,"column":4},"end":{"line":66,"column":5}},"type":"if","locations":[{"start":{"line":64,"column":4},"end":{"line":66,"column":5}},{"start":{},"end":{}}]},"5":{"loc":{"start":{"line":77,"column":4},"end":{"line":79,"column":5}},"type":"if","locations":[{"start":{"line":77,"column":4},"end":{"line":79,"column":5}},{"start":{},"end":{}}]},"6":{"loc":{"start":{"line":87,"column":4},"end":{"line":95,"column":5}},"type":"if","locations":[{"start":{"line":87,"column":4},"end":{"line":95,"column":5}},{"start":{},"end":{}}]},"7":{"loc":{"start":{"line":92,"column":6},"end":{"line":94,"column":7}},"type":"if","locations":[{"start":{"line":92,"column":6},"end":{"line":94,"column":7}},{"start":{},"end":{}}]},"8":{"loc":{"start":{"line":92,"column":10},"end":{"line":92,"column":48}},"type":"binary-expr","locations":[{"start":{"line":92,"column":10},"end":{"line":92,"column":22}},{"start":{"line":92,"column":26},"end":{"line":92,"column":48}}]},"9":{"loc":{"start":{"line":109,"column":4},"end":{"line":111,"column":5}},"type":"if","locations":[{"start":{"line":109,"column":4},"end":{"line":111,"column":5}},{"start":{},"end":{}}]},"10":{"loc":{"start":{"line":18,"column":37},"end":{"line":18,"column":53}},"type":"cond-expr","locations":[{"start":{"line":18,"column":47},"end":{"line":18,"column":53}},{"start":{"line":18,"column":47},"end":{"line":18,"column":53}}]},"11":{"loc":{"start":{"line":18,"column":37},"end":{"line":18,"column":47}},"type":"binary-expr","locations":[{"start":{"line":18,"column":37},"end":{"line":18,"column":53}},{"start":{"line":18,"column":37},"end":{"line":18,"column":47}}]}},"s":{"0":6,"1":6,"2":6,"3":6,"4":6,"5":6,"6":6,"7":3,"8":3,"9":3,"10":1,"11":2,"12":2,"13":2,"14":2,"15":1,"16":1,"17":0,"18":1,"19":13,"20":13,"21":0,"22":13,"23":2,"24":2,"25":1,"26":1,"27":1,"28":1,"29":0,"30":0,"31":0,"32":1,"33":1,"34":1,"35":1,"36":3,"37":3,"38":0,"39":3,"40":3,"41":1,"42":1,"43":6,"44":6},"f":{"0":6,"1":3,"2":1,"3":13,"4":2,"5":1,"6":1,"7":3,"8":1},"b":{"0":[1,2],"1":[2,2],"2":[2,1],"3":[1,0],"4":[0,13],"5":[1,1],"6":[0,1],"7":[0,0],"8":[0,0],"9":[0,3],"10":[6,0],"11":[6,6]}}
}
