TN:
SF:src\app.controller.ts
FN:6,(anonymous_2)
FN:9,(anonymous_3)
FNF:2
FNH:2
FNDA:6,(anonymous_2)
FNDA:2,(anonymous_3)
DA:1,6
DA:2,6
DA:5,6
DA:6,6
DA:9,6
DA:10,2
LF:6
LH:6
BRDA:6,0,0,6
BRDA:6,0,1,0
BRDA:6,1,0,6
BRDA:6,1,1,6
BRF:4
BRH:3
end_of_record
TN:
SF:src\app.service.ts
FN:5,(anonymous_1)
FNF:1
FNH:1
FNDA:2,(anonymous_1)
DA:1,6
DA:4,6
DA:6,2
LF:3
LH:3
BRF:0
BRH:0
end_of_record
TN:
SF:src\auth\auth.controller.ts
FN:13,(anonymous_4)
FN:21,(anonymous_5)
FN:30,(anonymous_6)
FN:40,(anonymous_7)
FNF:4
FNH:3
FNDA:6,(anonymous_4)
FNDA:10,(anonymous_5)
FNDA:3,(anonymous_6)
FNDA:0,(anonymous_7)
DA:1,6
DA:2,6
DA:3,6
DA:4,6
DA:5,6
DA:6,6
DA:7,6
DA:8,6
DA:12,6
DA:13,6
DA:21,6
DA:22,10
DA:30,6
DA:31,3
DA:40,6
DA:41,0
LF:16
LH:15
BRDA:21,0,0,6
BRDA:21,0,1,0
BRDA:21,1,0,6
BRDA:21,1,1,6
BRDA:30,2,0,6
BRDA:30,2,1,0
BRDA:30,3,0,6
BRDA:30,3,1,6
BRDA:40,4,0,6
BRDA:40,4,1,0
BRDA:40,5,0,6
BRDA:40,5,1,6
BRDA:13,6,0,6
BRDA:13,6,1,0
BRDA:13,7,0,6
BRDA:13,7,1,6
BRF:16
BRH:12
end_of_record
TN:
SF:src\auth\auth.service.ts
FN:19,(anonymous_13)
FN:25,(anonymous_14)
FN:47,(anonymous_15)
FN:82,(anonymous_16)
FN:86,(anonymous_17)
FN:90,(anonymous_18)
FNF:6
FNH:6
FNDA:6,(anonymous_13)
FNDA:10,(anonymous_14)
FNDA:3,(anonymous_15)
FNDA:10,(anonymous_16)
FNDA:10,(anonymous_17)
FNDA:1,(anonymous_18)
DA:1,6
DA:8,6
DA:9,6
DA:10,6
DA:11,6
DA:12,6
DA:18,6
DA:21,6
DA:22,6
DA:26,10
DA:28,10
DA:29,10
DA:35,10
DA:36,9
DA:38,9
DA:43,1
DA:48,3
DA:50,3
DA:62,3
DA:63,1
DA:66,2
DA:67,0
DA:70,2
DA:71,1
DA:74,1
DA:76,1
DA:83,10
DA:87,10
DA:91,1
DA:92,1
DA:94,0
LF:31
LH:29
BRDA:32,0,0,10
BRDA:32,0,1,7
BRDA:62,1,0,1
BRDA:62,1,1,2
BRDA:66,2,0,0
BRDA:66,2,1,2
BRDA:70,3,0,1
BRDA:70,3,1,1
BRDA:91,4,0,1
BRDA:91,4,1,0
BRDA:21,5,0,6
BRDA:21,5,1,0
BRDA:21,6,0,6
BRDA:21,6,1,6
BRDA:21,7,0,6
BRDA:21,7,1,0
BRDA:21,8,0,6
BRDA:21,8,1,6
BRF:18
BRH:14
end_of_record
TN:
SF:src\auth\decorators\auth.decorator.ts
FN:7,Auth
FNF:1
FNH:1
FNDA:120,Auth
DA:1,6
DA:2,6
DA:4,6
DA:5,6
DA:7,6
DA:8,120
LF:6
LH:6
BRF:0
BRH:0
end_of_record
TN:
SF:src\auth\decorators\get-user.decorator.ts
FN:8,(anonymous_0)
FNF:1
FNH:0
FNDA:0,(anonymous_0)
DA:1,6
DA:7,6
DA:9,0
DA:10,0
DA:12,0
DA:13,0
DA:16,0
LF:7
LH:2
BRDA:12,0,0,0
BRDA:12,0,1,0
BRDA:16,1,0,0
BRDA:16,1,1,0
BRF:4
BRH:0
end_of_record
TN:
SF:src\auth\decorators\role-protected.decorator.ts
FN:6,(anonymous_0)
FNF:1
FNH:1
FNDA:120,(anonymous_0)
DA:1,6
DA:4,6
DA:6,6
DA:7,120
LF:4
LH:4
BRF:0
BRH:0
end_of_record
TN:
SF:src\auth\entities\user.entity.ts
FN:106,(anonymous_2)
FN:99,(anonymous_3)
FN:101,(anonymous_4)
FN:101,(anonymous_5)
FNF:4
FNH:3
FNDA:44,(anonymous_2)
FNDA:0,(anonymous_3)
FNDA:6,(anonymous_4)
FNDA:6,(anonymous_5)
DA:1,6
DA:11,6
DA:12,6
DA:15,6
DA:21,6
DA:33,6
DA:46,6
DA:57,6
DA:70,6
DA:81,6
DA:88,6
DA:95,6
DA:99,0
DA:101,6
DA:102,6
DA:106,6
DA:107,44
LF:17
LH:16
BRDA:88,0,0,6
BRDA:88,0,1,0
BRDA:88,1,0,6
BRDA:88,1,1,6
BRDA:95,2,0,6
BRDA:95,2,1,0
BRDA:95,3,0,6
BRDA:95,3,1,6
BRF:8
BRH:6
end_of_record
TN:
SF:src\auth\guards\roles.guard.ts
FN:9,(anonymous_2)
FN:11,(anonymous_3)
FN:25,(anonymous_4)
FNF:3
FNH:3
FNDA:24,(anonymous_2)
FNDA:39,(anonymous_3)
FNDA:20,(anonymous_4)
DA:1,6
DA:2,6
DA:4,6
DA:8,6
DA:9,24
DA:14,39
DA:16,39
DA:18,20
DA:19,20
DA:21,20
DA:22,0
DA:25,20
DA:27,20
DA:29,9
LF:14
LH:13
BRDA:16,0,0,19
BRDA:16,0,1,20
BRDA:16,1,0,39
BRDA:16,1,1,39
BRDA:21,2,0,0
BRDA:21,2,1,20
BRDA:27,3,0,11
BRDA:27,3,1,9
BRDA:9,4,0,6
BRDA:9,4,1,0
BRDA:9,5,0,6
BRDA:9,5,1,6
BRF:12
BRH:10
end_of_record
TN:
SF:src\auth\strategies\jwt.strategy.ts
FN:12,(anonymous_4)
FN:23,(anonymous_5)
FNF:2
FNH:2
FNDA:6,(anonymous_4)
FNDA:39,(anonymous_5)
DA:1,6
DA:2,6
DA:3,6
DA:4,6
DA:5,6
DA:6,6
DA:7,6
DA:11,6
DA:14,6
DA:15,6
DA:17,6
DA:24,39
DA:26,39
DA:30,39
DA:31,0
DA:34,39
DA:35,0
DA:38,39
DA:40,39
LF:19
LH:17
BRDA:30,0,0,0
BRDA:30,0,1,39
BRDA:34,1,0,0
BRDA:34,1,1,39
BRDA:14,2,0,6
BRDA:14,2,1,0
BRDA:14,3,0,6
BRDA:14,3,1,6
BRDA:14,4,0,6
BRDA:14,4,1,0
BRDA:14,5,0,6
BRDA:14,5,1,6
BRF:12
BRH:8
end_of_record
TN:
SF:src\bets\bets.controller.ts
FN:21,(anonymous_4)
FN:32,(anonymous_5)
FN:43,(anonymous_6)
FN:55,(anonymous_7)
FN:66,(anonymous_8)
FN:77,(anonymous_9)
FN:88,(anonymous_10)
FN:103,(anonymous_11)
FN:116,(anonymous_12)
FNF:9
FNH:8
FNDA:6,(anonymous_4)
FNDA:4,(anonymous_5)
FNDA:1,(anonymous_6)
FNDA:2,(anonymous_7)
FNDA:1,(anonymous_8)
FNDA:1,(anonymous_9)
FNDA:1,(anonymous_10)
FNDA:0,(anonymous_11)
FNDA:2,(anonymous_12)
DA:1,6
DA:12,6
DA:13,6
DA:14,6
DA:15,6
DA:16,6
DA:20,6
DA:21,6
DA:32,6
DA:33,4
DA:43,6
DA:44,1
DA:55,6
DA:56,2
DA:66,6
DA:67,1
DA:77,6
DA:78,1
DA:88,6
DA:89,1
DA:103,6
DA:104,0
DA:116,6
DA:117,2
LF:24
LH:23
BRDA:32,0,0,6
BRDA:32,0,1,0
BRDA:32,1,0,6
BRDA:32,1,1,6
BRDA:21,2,0,6
BRDA:21,2,1,0
BRDA:21,3,0,6
BRDA:21,3,1,6
BRF:8
BRH:6
end_of_record
TN:
SF:src\bets\bets.service.ts
FN:16,(anonymous_4)
FN:23,(anonymous_5)
FN:42,(anonymous_6)
FN:71,(anonymous_7)
FN:78,(anonymous_8)
FN:91,(anonymous_9)
FN:102,(anonymous_10)
FN:113,(anonymous_11)
FN:149,(anonymous_12)
FN:162,(anonymous_13)
FN:167,(anonymous_14)
FN:168,(anonymous_15)
FN:169,(anonymous_16)
FN:170,(anonymous_17)
FN:172,(anonymous_18)
FN:173,(anonymous_19)
FN:175,(anonymous_20)
FN:176,(anonymous_21)
FNF:18
FNH:15
FNDA:6,(anonymous_4)
FNDA:4,(anonymous_5)
FNDA:3,(anonymous_6)
FNDA:1,(anonymous_7)
FNDA:4,(anonymous_8)
FNDA:2,(anonymous_9)
FNDA:1,(anonymous_10)
FNDA:0,(anonymous_11)
FNDA:2,(anonymous_12)
FNDA:1,(anonymous_13)
FNDA:1,(anonymous_14)
FNDA:1,(anonymous_15)
FNDA:1,(anonymous_16)
FNDA:1,(anonymous_17)
FNDA:1,(anonymous_18)
FNDA:0,(anonymous_19)
FNDA:1,(anonymous_20)
FNDA:0,(anonymous_21)
DA:1,6
DA:6,6
DA:7,6
DA:8,6
DA:10,6
DA:11,6
DA:12,6
DA:15,6
DA:18,6
DA:19,6
DA:20,6
DA:25,4
DA:27,4
DA:28,1
DA:34,3
DA:36,2
DA:37,0
DA:41,2
DA:42,3
DA:45,2
DA:46,0
DA:52,2
DA:58,2
DA:68,2
DA:72,1
DA:79,4
DA:84,4
DA:85,2
DA:88,2
DA:93,2
DA:95,2
DA:104,1
DA:106,1
DA:114,0
DA:116,0
DA:117,0
DA:120,0
DA:121,0
DA:125,0
DA:130,0
DA:131,0
DA:133,0
DA:134,0
DA:135,0
DA:138,0
DA:141,0
DA:142,0
DA:145,0
DA:150,2
DA:152,1
DA:153,0
DA:157,1
DA:159,1
DA:163,1
DA:165,1
DA:167,1
DA:168,1
DA:169,1
DA:170,1
DA:172,1
DA:173,0
DA:175,1
DA:176,0
DA:179,1
LF:64
LH:44
BRDA:27,0,0,1
BRDA:27,0,1,3
BRDA:36,1,0,0
BRDA:36,1,1,2
BRDA:45,2,0,0
BRDA:45,2,1,2
BRDA:84,3,0,2
BRDA:84,3,1,2
BRDA:116,4,0,0
BRDA:116,4,1,0
BRDA:120,5,0,0
BRDA:120,5,1,0
BRDA:131,6,0,0
BRDA:131,6,1,0
BRDA:152,7,0,0
BRDA:152,7,1,1
BRDA:18,8,0,6
BRDA:18,8,1,0
BRDA:18,9,0,6
BRDA:18,9,1,6
BRDA:18,10,0,6
BRDA:18,10,1,0
BRDA:18,11,0,6
BRDA:18,11,1,6
BRDA:19,12,0,6
BRDA:19,12,1,0
BRDA:19,13,0,6
BRDA:19,13,1,6
BRF:28
BRH:16
end_of_record
TN:
SF:src\bets\entities\bet.entity.ts
FN:13,(anonymous_2)
FN:97,(anonymous_3)
FN:99,(anonymous_4)
FN:99,(anonymous_5)
FN:112,(anonymous_6)
FN:114,(anonymous_7)
FN:114,(anonymous_8)
FNF:7
FNH:5
FNDA:6,(anonymous_2)
FNDA:0,(anonymous_3)
FNDA:6,(anonymous_4)
FNDA:6,(anonymous_5)
FNDA:0,(anonymous_6)
FNDA:6,(anonymous_7)
FNDA:6,(anonymous_8)
DA:1,6
DA:9,6
DA:10,6
DA:11,6
DA:13,6
DA:14,6
DA:15,6
DA:16,6
DA:20,6
DA:26,6
DA:37,6
DA:48,6
DA:60,6
DA:73,6
DA:86,6
DA:93,6
DA:97,0
DA:99,6
DA:101,6
DA:108,6
DA:112,0
DA:114,6
DA:116,6
DA:123,6
LF:24
LH:22
BRDA:13,0,0,6
BRDA:13,0,1,6
BRDA:93,1,0,6
BRDA:93,1,1,0
BRDA:93,2,0,6
BRDA:93,2,1,6
BRDA:101,3,0,0
BRDA:101,3,1,6
BRDA:101,4,0,6
BRDA:101,4,1,0
BRDA:116,5,0,6
BRDA:116,5,1,0
BRDA:116,6,0,6
BRDA:116,6,1,6
BRF:14
BRH:10
end_of_record
TN:
SF:src\events\events.controller.ts
FN:24,(anonymous_4)
FN:35,(anonymous_5)
FN:45,(anonymous_6)
FN:52,(anonymous_7)
FN:61,(anonymous_8)
FN:75,(anonymous_9)
FN:93,(anonymous_10)
FN:110,(anonymous_11)
FNF:8
FNH:7
FNDA:6,(anonymous_4)
FNDA:2,(anonymous_5)
FNDA:1,(anonymous_6)
FNDA:1,(anonymous_7)
FNDA:2,(anonymous_8)
FNDA:1,(anonymous_9)
FNDA:1,(anonymous_10)
FNDA:0,(anonymous_11)
DA:1,6
DA:13,6
DA:14,6
DA:15,6
DA:16,6
DA:17,6
DA:18,6
DA:19,6
DA:23,6
DA:24,6
DA:35,6
DA:36,2
DA:45,6
DA:46,1
DA:52,6
DA:53,1
DA:61,6
DA:62,2
DA:75,6
DA:79,1
DA:93,6
DA:97,1
DA:110,6
DA:111,0
LF:24
LH:23
BRDA:35,0,0,6
BRDA:35,0,1,0
BRDA:35,1,0,6
BRDA:35,1,1,6
BRDA:77,2,0,6
BRDA:77,2,1,0
BRDA:77,3,0,6
BRDA:77,3,1,6
BRDA:95,4,0,6
BRDA:95,4,1,0
BRDA:95,5,0,6
BRDA:95,5,1,6
BRDA:24,6,0,6
BRDA:24,6,1,0
BRDA:24,7,0,6
BRDA:24,7,1,6
BRF:16
BRH:12
end_of_record
TN:
SF:src\events\events.service.ts
FN:16,(anonymous_4)
FN:23,(anonymous_5)
FN:32,(anonymous_6)
FN:45,(anonymous_7)
FN:52,(anonymous_8)
FN:60,(anonymous_9)
FN:73,(anonymous_10)
FN:86,(anonymous_11)
FN:91,(anonymous_12)
FN:99,(anonymous_13)
FN:114,(anonymous_14)
FN:127,(anonymous_15)
FNF:12
FNH:9
FNDA:6,(anonymous_4)
FNDA:2,(anonymous_5)
FNDA:4,(anonymous_6)
FNDA:1,(anonymous_7)
FNDA:1,(anonymous_8)
FNDA:11,(anonymous_9)
FNDA:1,(anonymous_10)
FNDA:0,(anonymous_11)
FNDA:1,(anonymous_12)
FNDA:1,(anonymous_13)
FNDA:0,(anonymous_14)
FNDA:0,(anonymous_15)
DA:1,6
DA:6,6
DA:7,6
DA:8,6
DA:9,6
DA:15,6
DA:18,6
DA:20,6
DA:24,2
DA:30,2
DA:32,2
DA:33,4
DA:40,2
DA:42,2
DA:46,1
DA:53,1
DA:61,11
DA:66,11
DA:67,2
DA:70,9
DA:74,1
DA:76,1
DA:77,0
DA:80,1
DA:81,1
DA:83,1
DA:87,0
DA:88,0
DA:92,1
DA:94,1
DA:95,0
DA:98,1
DA:99,1
DA:102,1
DA:103,0
DA:108,1
DA:109,1
DA:111,1
DA:115,0
DA:120,0
DA:121,0
DA:124,0
DA:131,0
DA:135,0
LF:44
LH:33
BRDA:66,0,0,2
BRDA:66,0,1,9
BRDA:76,1,0,0
BRDA:76,1,1,1
BRDA:94,2,0,0
BRDA:94,2,1,1
BRDA:102,3,0,0
BRDA:102,3,1,1
BRDA:120,4,0,0
BRDA:120,4,1,0
BRDA:18,5,0,6
BRDA:18,5,1,0
BRDA:18,6,0,6
BRDA:18,6,1,6
BRDA:18,7,0,6
BRDA:18,7,1,0
BRDA:18,8,0,6
BRDA:18,8,1,6
BRF:18
BRH:11
end_of_record
TN:
SF:src\events\entities\event-option.entity.ts
FN:45,(anonymous_2)
FN:47,(anonymous_3)
FN:47,(anonymous_4)
FNF:3
FNH:2
FNDA:0,(anonymous_2)
FNDA:6,(anonymous_3)
FNDA:6,(anonymous_4)
DA:1,6
DA:8,6
DA:9,6
DA:12,6
DA:18,6
DA:29,6
DA:41,6
DA:45,0
DA:47,6
DA:49,6
DA:56,6
LF:11
LH:10
BRDA:49,0,0,0
BRDA:49,0,1,6
BRDA:49,1,0,6
BRDA:49,1,1,0
BRF:4
BRH:2
end_of_record
TN:
SF:src\events\entities\event.entity.ts
FN:13,(anonymous_2)
FN:89,(anonymous_3)
FN:91,(anonymous_4)
FN:91,(anonymous_5)
FN:96,(anonymous_6)
FN:98,(anonymous_7)
FN:98,(anonymous_8)
FNF:7
FNH:5
FNDA:6,(anonymous_2)
FNDA:0,(anonymous_3)
FNDA:6,(anonymous_4)
FNDA:6,(anonymous_5)
FNDA:0,(anonymous_6)
FNDA:6,(anonymous_7)
FNDA:6,(anonymous_8)
DA:1,6
DA:9,6
DA:10,6
DA:11,6
DA:13,6
DA:14,6
DA:15,6
DA:19,6
DA:25,6
DA:36,6
DA:47,6
DA:60,6
DA:71,6
DA:78,6
DA:85,6
DA:89,0
DA:91,6
DA:92,6
DA:96,0
DA:98,6
DA:99,6
LF:21
LH:19
BRDA:13,0,0,6
BRDA:13,0,1,6
BRDA:78,1,0,6
BRDA:78,1,1,0
BRDA:78,2,0,6
BRDA:78,2,1,6
BRDA:85,3,0,6
BRDA:85,3,1,0
BRDA:85,4,0,6
BRDA:85,4,1,6
BRF:10
BRH:8
end_of_record
TN:
SF:src\seed\seed.controller.ts
FN:8,(anonymous_2)
FN:15,(anonymous_3)
FN:23,(anonymous_4)
FNF:3
FNH:3
FNDA:6,(anonymous_2)
FNDA:8,(anonymous_3)
FNDA:10,(anonymous_4)
DA:1,6
DA:2,6
DA:3,6
DA:7,6
DA:8,6
DA:15,6
DA:16,8
DA:23,6
DA:24,10
LF:9
LH:9
BRDA:8,0,0,6
BRDA:8,0,1,0
BRDA:8,1,0,6
BRDA:8,1,1,6
BRF:4
BRH:3
end_of_record
TN:
SF:src\seed\seed.service.ts
FN:15,(anonymous_13)
FN:26,(anonymous_14)
FN:38,(anonymous_15)
FN:60,(anonymous_16)
FN:87,(anonymous_17)
FN:96,(anonymous_18)
FN:97,(anonymous_19)
FN:100,(anonymous_20)
FN:118,(anonymous_21)
FNF:9
FNH:9
FNDA:6,(anonymous_13)
FNDA:8,(anonymous_14)
FNDA:8,(anonymous_15)
FNDA:8,(anonymous_16)
FNDA:8,(anonymous_17)
FNDA:184,(anonymous_18)
FNDA:176,(anonymous_19)
FNDA:100,(anonymous_20)
FNDA:10,(anonymous_21)
DA:1,6
DA:2,6
DA:3,6
DA:4,6
DA:5,6
DA:6,6
DA:7,6
DA:8,6
DA:11,6
DA:14,6
DA:17,6
DA:19,6
DA:21,6
DA:23,6
DA:27,8
DA:28,8
DA:29,8
DA:30,8
DA:32,8
DA:34,0
DA:39,8
DA:40,8
DA:42,8
DA:43,32
DA:47,32
DA:48,28
DA:55,28
DA:61,8
DA:62,48
DA:66,48
DA:67,42
DA:72,42
DA:75,42
DA:76,105
DA:81,105
DA:88,8
DA:89,8
DA:91,8
DA:92,0
DA:95,8
DA:96,184
DA:97,176
DA:99,64
DA:100,100
DA:102,64
DA:103,64
DA:112,64
DA:119,10
DA:120,10
DA:121,10
DA:122,10
DA:123,10
DA:125,10
DA:127,0
LF:54
LH:51
BRDA:47,0,0,28
BRDA:47,0,1,4
BRDA:66,1,0,42
BRDA:66,1,1,6
BRDA:91,2,0,0
BRDA:91,2,1,8
BRDA:91,3,0,8
BRDA:91,3,1,8
BRDA:99,4,0,64
BRDA:99,4,1,0
BRDA:99,5,0,64
BRDA:99,5,1,64
BRDA:102,6,0,64
BRDA:102,6,1,0
BRDA:17,7,0,6
BRDA:17,7,1,0
BRDA:17,8,0,6
BRDA:17,8,1,6
BRDA:17,9,0,6
BRDA:17,9,1,0
BRDA:17,10,0,6
BRDA:17,10,1,6
BRDA:19,11,0,6
BRDA:19,11,1,0
BRDA:19,12,0,6
BRDA:19,12,1,6
BRDA:21,13,0,6
BRDA:21,13,1,0
BRDA:21,14,0,6
BRDA:21,14,1,6
BRF:30
BRH:23
end_of_record
TN:
SF:src\seed\data\seed-data.ts
FNF:0
FNH:0
DA:1,6
DA:2,6
DA:4,6
LF:3
LH:3
BRF:0
BRH:0
end_of_record
TN:
SF:src\users\users.controller.ts
FN:23,(anonymous_4)
FN:31,(anonymous_5)
FN:42,(anonymous_6)
FN:54,(anonymous_7)
FN:66,(anonymous_8)
FN:79,(anonymous_9)
FN:92,(anonymous_10)
FN:109,(anonymous_11)
FNF:8
FNH:8
FNDA:6,(anonymous_4)
FNDA:3,(anonymous_5)
FNDA:1,(anonymous_6)
FNDA:1,(anonymous_7)
FNDA:1,(anonymous_8)
FNDA:2,(anonymous_9)
FNDA:1,(anonymous_10)
FNDA:1,(anonymous_11)
DA:1,6
DA:13,6
DA:14,6
DA:15,6
DA:16,6
DA:17,6
DA:18,6
DA:22,6
DA:23,6
DA:31,6
DA:32,3
DA:42,6
DA:43,1
DA:54,6
DA:55,1
DA:66,6
DA:67,1
DA:79,6
DA:80,2
DA:92,6
DA:96,1
DA:109,6
DA:110,1
LF:23
LH:23
BRDA:31,0,0,6
BRDA:31,0,1,0
BRDA:31,1,0,6
BRDA:31,1,1,6
BRDA:94,2,0,6
BRDA:94,2,1,0
BRDA:94,3,0,6
BRDA:94,3,1,6
BRDA:23,4,0,6
BRDA:23,4,1,0
BRDA:23,5,0,6
BRDA:23,5,1,6
BRF:12
BRH:9
end_of_record
TN:
SF:src\users\users.service.ts
FN:16,(anonymous_13)
FN:21,(anonymous_14)
FN:51,(anonymous_15)
FN:58,(anonymous_16)
FN:71,(anonymous_17)
FN:84,(anonymous_18)
FN:101,(anonymous_19)
FN:106,(anonymous_20)
FN:117,(anonymous_21)
FNF:9
FNH:9
FNDA:6,(anonymous_13)
FNDA:3,(anonymous_14)
FNDA:1,(anonymous_15)
FNDA:13,(anonymous_16)
FNDA:2,(anonymous_17)
FNDA:1,(anonymous_18)
FNDA:1,(anonymous_19)
FNDA:3,(anonymous_20)
FNDA:1,(anonymous_21)
DA:1,6
DA:7,6
DA:8,6
DA:9,6
DA:10,6
DA:15,6
DA:18,6
DA:22,3
DA:23,3
DA:27,3
DA:28,1
DA:32,2
DA:33,2
DA:35,2
DA:42,2
DA:44,1
DA:45,1
DA:47,0
DA:52,1
DA:59,13
DA:64,13
DA:65,0
DA:68,13
DA:72,2
DA:77,2
DA:78,1
DA:81,1
DA:85,1
DA:87,1
DA:88,0
DA:92,0
DA:93,0
DA:97,1
DA:98,1
DA:102,1
DA:103,1
DA:107,3
DA:109,3
DA:110,0
DA:113,3
DA:114,3
DA:118,1
DA:119,1
LF:43
LH:37
BRDA:27,0,0,1
BRDA:27,0,1,2
BRDA:38,1,0,2
BRDA:38,1,1,2
BRDA:39,2,0,2
BRDA:39,2,1,1
BRDA:44,3,0,1
BRDA:44,3,1,0
BRDA:64,4,0,0
BRDA:64,4,1,13
BRDA:77,5,0,1
BRDA:77,5,1,1
BRDA:87,6,0,0
BRDA:87,6,1,1
BRDA:92,7,0,0
BRDA:92,7,1,0
BRDA:92,8,0,0
BRDA:92,8,1,0
BRDA:109,9,0,0
BRDA:109,9,1,3
BRDA:18,10,0,6
BRDA:18,10,1,0
BRDA:18,11,0,6
BRDA:18,11,1,6
BRF:24
BRH:15
end_of_record
